2025-04-15 10:15:02 INFO  HikariDataSource - HikariPool-1 - Starting...
2025-04-15 10:15:02 INFO  HikariPool - HikariPool-1 - Added connection org.postgresql.jdbc.PgConnection@19fe4644
2025-04-15 10:15:02 INFO  HikariDataSource - HikariPool-1 - Start completed.
2025-04-15 10:15:02 INFO  LogHelper - HHH000204: Processing PersistenceUnitInfo [name: my-persistence-unit]
2025-04-15 10:15:02 INFO  Version - HHH000412: Hibernate ORM core version 7.0.0.Alpha2
2025-04-15 10:15:02 INFO  RegionFactoryInitiator - HHH000026: Second-level cache disabled
2025-04-15 10:15:04 INFO  JtaPlatformInitiator - HHH000489: No JTA platform available (set 'hibernate.transaction.jta.platform' to enable JTA platform integration)
2025-04-15 10:16:35 WARN  Menu - Invalid password format entered: abrar@gmail.com
2025-04-15 10:25:18 WARN  Menu - Invalid email format entered: abrar@ghj.com
2025-04-15 10:25:29 WARN  Menu - Invalid email format entered: abrar
2025-04-15 10:25:33 WARN  Menu - Invalid email format entered: gamial.com
2025-04-15 10:25:38 WARN  Menu - Invalid email format entered: @gmail.com
2025-04-15 10:25:44 WARN  Menu - Invalid email format entered: @gmai.com
2025-04-15 10:25:48 WARN  Menu - Invalid email format entered: @gmail.com
2025-04-15 10:27:30 INFO  HikariDataSource - HikariPool-1 - Starting...
2025-04-15 10:27:30 INFO  HikariPool - HikariPool-1 - Added connection org.postgresql.jdbc.PgConnection@7383eae2
2025-04-15 10:27:30 INFO  HikariDataSource - HikariPool-1 - Start completed.
2025-04-15 10:27:30 INFO  LogHelper - HHH000204: Processing PersistenceUnitInfo [name: my-persistence-unit]
2025-04-15 10:27:30 INFO  Version - HHH000412: Hibernate ORM core version 7.0.0.Alpha2
2025-04-15 10:27:30 INFO  RegionFactoryInitiator - HHH000026: Second-level cache disabled
2025-04-15 10:27:32 INFO  JtaPlatformInitiator - HHH000489: No JTA platform available (set 'hibernate.transaction.jta.platform' to enable JTA platform integration)
2025-04-15 10:28:10 INFO  HikariDataSource - HikariPool-1 - Starting...
2025-04-15 10:28:10 INFO  HikariPool - HikariPool-1 - Added connection org.postgresql.jdbc.PgConnection@1f3f02ee
2025-04-15 10:28:10 INFO  HikariDataSource - HikariPool-1 - Start completed.
2025-04-15 10:28:10 INFO  LogHelper - HHH000204: Processing PersistenceUnitInfo [name: my-persistence-unit]
2025-04-15 10:28:10 INFO  Version - HHH000412: Hibernate ORM core version 7.0.0.Alpha2
2025-04-15 10:28:10 INFO  RegionFactoryInitiator - HHH000026: Second-level cache disabled
2025-04-15 10:28:12 INFO  JtaPlatformInitiator - HHH000489: No JTA platform available (set 'hibernate.transaction.jta.platform' to enable JTA platform integration)
2025-04-15 10:28:46 WARN  Menu - Invalid password format entered for email: abrar@gmail.com
2025-04-15 10:29:09 INFO  HikariDataSource - HikariPool-1 - Starting...
2025-04-15 10:29:33 INFO  HikariPool - HikariPool-1 - Added connection org.postgresql.jdbc.PgConnection@24fb6a80
2025-04-15 10:29:33 INFO  HikariDataSource - HikariPool-1 - Start completed.
2025-04-15 10:29:33 INFO  LogHelper - HHH000204: Processing PersistenceUnitInfo [name: my-persistence-unit]
2025-04-15 10:29:35 INFO  Version - HHH000412: Hibernate ORM core version 7.0.0.Alpha2
2025-04-15 10:29:36 INFO  RegionFactoryInitiator - HHH000026: Second-level cache disabled
2025-04-15 10:30:10 INFO  JtaPlatformInitiator - HHH000489: No JTA platform available (set 'hibernate.transaction.jta.platform' to enable JTA platform integration)
2025-04-15 10:34:40 WARN  HikariPool - HikariPool-1 - Thread starvation or clock leap detected (housekeeper delta=3m33s425ms800µs600ns).
2025-04-15 10:36:05 WARN  HikariPool - HikariPool-1 - Thread starvation or clock leap detected (housekeeper delta=54s304ms274µs500ns).
2025-04-15 10:40:58 INFO  HikariDataSource - HikariPool-1 - Starting...
2025-04-15 10:40:58 INFO  HikariPool - HikariPool-1 - Added connection org.postgresql.jdbc.PgConnection@19fe4644
2025-04-15 10:40:58 INFO  HikariDataSource - HikariPool-1 - Start completed.
2025-04-15 10:40:58 INFO  LogHelper - HHH000204: Processing PersistenceUnitInfo [name: my-persistence-unit]
2025-04-15 10:40:58 INFO  Version - HHH000412: Hibernate ORM core version 7.0.0.Alpha2
2025-04-15 10:40:58 INFO  RegionFactoryInitiator - HHH000026: Second-level cache disabled
2025-04-15 10:41:00 INFO  JtaPlatformInitiator - HHH000489: No JTA platform available (set 'hibernate.transaction.jta.platform' to enable JTA platform integration)
2025-04-15 10:42:07 WARN  HikariPool - HikariPool-1 - Thread starvation or clock leap detected (housekeeper delta=1m8s535ms704µs900ns).
2025-04-15 10:42:17 WARN  Menu - Invalid email format entered: 0
2025-04-15 10:42:42 INFO  HikariDataSource - HikariPool-1 - Starting...
2025-04-15 10:42:42 INFO  HikariPool - HikariPool-1 - Added connection org.postgresql.jdbc.PgConnection@18245eb0
2025-04-15 10:42:42 INFO  HikariDataSource - HikariPool-1 - Start completed.
2025-04-15 10:42:42 INFO  LogHelper - HHH000204: Processing PersistenceUnitInfo [name: my-persistence-unit]
2025-04-15 10:42:42 INFO  Version - HHH000412: Hibernate ORM core version 7.0.0.Alpha2
2025-04-15 10:42:42 INFO  RegionFactoryInitiator - HHH000026: Second-level cache disabled
2025-04-15 10:42:44 INFO  JtaPlatformInitiator - HHH000489: No JTA platform available (set 'hibernate.transaction.jta.platform' to enable JTA platform integration)
2025-04-15 10:42:57 INFO  UserDaoImpl - User registered successfully: User{userID=20, name='ABRAR SHAHA', email='abrar@gmail.com', password='!Q1q', userRole=GUEST, isActive=true}
2025-04-15 10:44:53 WARN  Menu - Invalid email format entered: 3
2025-04-15 10:50:19 WARN  Menu - Invalid email format entered: abrar
2025-04-15 10:50:24 WARN  Menu - Invalid email format entered: abra
2025-04-15 10:50:46 WARN  Menu - Invalid login attempt for email: abrar@gmail.com
2025-04-15 10:54:01 INFO  Menu - Login successful: ABRAR SHAHA (GUEST)
2025-04-15 11:03:27 INFO  HikariDataSource - HikariPool-1 - Starting...
2025-04-15 11:03:28 INFO  HikariPool - HikariPool-1 - Added connection org.postgresql.jdbc.PgConnection@561868a0
2025-04-15 11:03:28 INFO  HikariDataSource - HikariPool-1 - Start completed.
2025-04-15 11:03:28 INFO  LogHelper - HHH000204: Processing PersistenceUnitInfo [name: my-persistence-unit]
2025-04-15 11:03:28 INFO  Version - HHH000412: Hibernate ORM core version 7.0.0.Alpha2
2025-04-15 11:03:28 INFO  RegionFactoryInitiator - HHH000026: Second-level cache disabled
2025-04-15 11:03:29 INFO  JtaPlatformInitiator - HHH000489: No JTA platform available (set 'hibernate.transaction.jta.platform' to enable JTA platform integration)
2025-04-15 11:07:56 INFO  HikariDataSource - HikariPool-1 - Starting...
2025-04-15 11:07:56 INFO  HikariPool - HikariPool-1 - Added connection org.postgresql.jdbc.PgConnection@3a5ecce3
2025-04-15 11:07:56 INFO  HikariDataSource - HikariPool-1 - Start completed.
2025-04-15 11:07:56 INFO  LogHelper - HHH000204: Processing PersistenceUnitInfo [name: my-persistence-unit]
2025-04-15 11:07:56 INFO  Version - HHH000412: Hibernate ORM core version 7.0.0.Alpha2
2025-04-15 11:07:56 INFO  RegionFactoryInitiator - HHH000026: Second-level cache disabled
2025-04-15 11:07:58 INFO  JtaPlatformInitiator - HHH000489: No JTA platform available (set 'hibernate.transaction.jta.platform' to enable JTA platform integration)
2025-04-15 11:08:03 WARN  HomeMenuUI - Invalid email format entered: 
2025-04-15 11:08:08 WARN  HomeMenuUI - Invalid email format entered: 3
2025-04-15 11:08:13 WARN  HomeMenuUI - Invalid email format entered: 
2025-04-15 11:08:27 INFO  HomeMenuUI - Login successful: ABRAR SHAHA (GUEST)
2025-04-15 11:24:16 WARN  HomeMenuUI - Invalid email format entered: 
2025-04-15 11:24:35 INFO  HikariDataSource - HikariPool-1 - Starting...
2025-04-15 11:24:38 INFO  HikariPool - HikariPool-1 - Added connection org.postgresql.jdbc.PgConnection@3a94964
2025-04-15 11:24:38 INFO  HikariDataSource - HikariPool-1 - Start completed.
2025-04-15 11:24:39 INFO  LogHelper - HHH000204: Processing PersistenceUnitInfo [name: my-persistence-unit]
2025-04-15 11:24:39 INFO  Version - HHH000412: Hibernate ORM core version 7.0.0.Alpha2
2025-04-15 11:24:39 INFO  RegionFactoryInitiator - HHH000026: Second-level cache disabled
2025-04-15 11:24:47 INFO  JtaPlatformInitiator - HHH000489: No JTA platform available (set 'hibernate.transaction.jta.platform' to enable JTA platform integration)
2025-04-15 11:25:08 INFO  HomeMenuUI - Login successful: SHUBHAM LANKE (STAFF)
2025-04-15 11:25:08 INFO  Menu - Staff menu accessed by: SHUBHAM LANKE (Role: STAFF)
2025-04-15 11:25:18 WARN  HomeMenuUI - Invalid email format entered: 
2025-04-15 11:25:33 INFO  HikariDataSource - HikariPool-1 - Starting...
2025-04-15 11:25:37 INFO  HikariPool - HikariPool-1 - Added connection org.postgresql.jdbc.PgConnection@18f20260
2025-04-15 11:25:37 INFO  HikariDataSource - HikariPool-1 - Start completed.
2025-04-15 11:25:37 INFO  LogHelper - HHH000204: Processing PersistenceUnitInfo [name: my-persistence-unit]
2025-04-15 11:25:37 INFO  Version - HHH000412: Hibernate ORM core version 7.0.0.Alpha2
2025-04-15 11:25:37 INFO  RegionFactoryInitiator - HHH000026: Second-level cache disabled
2025-04-15 11:25:44 INFO  JtaPlatformInitiator - HHH000489: No JTA platform available (set 'hibernate.transaction.jta.platform' to enable JTA platform integration)
2025-04-15 11:28:27 WARN  HikariPool - HikariPool-1 - Thread starvation or clock leap detected (housekeeper delta=2m50s89ms753µs).
2025-04-15 11:28:27 WARN  HomeMenuUI - Invalid login attempt for email: shubhamlanke@gmail.com
2025-04-15 11:28:38 WARN  HomeMenuUI - Invalid email format entered: 
2025-04-15 11:28:57 INFO  HikariDataSource - HikariPool-1 - Starting...
2025-04-15 11:28:57 INFO  HikariPool - HikariPool-1 - Added connection org.postgresql.jdbc.PgConnection@18f20260
2025-04-15 11:28:57 INFO  HikariDataSource - HikariPool-1 - Start completed.
2025-04-15 11:28:57 INFO  LogHelper - HHH000204: Processing PersistenceUnitInfo [name: my-persistence-unit]
2025-04-15 11:28:57 INFO  Version - HHH000412: Hibernate ORM core version 7.0.0.Alpha2
2025-04-15 11:28:57 INFO  RegionFactoryInitiator - HHH000026: Second-level cache disabled
2025-04-15 11:29:00 INFO  JtaPlatformInitiator - HHH000489: No JTA platform available (set 'hibernate.transaction.jta.platform' to enable JTA platform integration)
2025-04-15 11:29:00 INFO  HomeMenuUI - Login successful: ABRAR SHAHA (GUEST)
2025-04-15 11:29:03 INFO  Menu - User 20 is viewing their bookings
2025-04-15 11:29:03 INFO  Menu - User 20 requested to view their bookings.
2025-04-15 11:29:03 WARN  Menu - No bookings found for ABRAR SHAHA.
2025-04-15 11:29:58 INFO  Menu - User 20 is booking a room
2025-04-15 11:34:28 INFO  Menu - User 20 is viewing their invoice
2025-04-15 11:34:28 INFO  Menu - User 20 requested to view their invoices.
2025-04-15 11:34:28 WARN  Menu - No invoices found for user 20.
2025-04-15 11:35:10 INFO  Menu - User 20 is viewing their invoice
2025-04-15 11:35:10 INFO  Menu - User 20 requested to view their invoices.
2025-04-15 11:35:10 WARN  Menu - No invoices found for user 20.
2025-04-15 11:36:26 INFO  Menu - User 20 is viewing their invoice
2025-04-15 11:36:26 INFO  Menu - User 20 requested to view their invoices.
2025-04-15 11:36:26 WARN  Menu - No invoices found for user 20.
2025-04-15 11:38:27 INFO  Menu - User 20 is viewing their invoice
2025-04-15 11:38:27 INFO  Menu - User 20 requested to view their invoices.
2025-04-15 11:38:27 WARN  Menu - No invoices found for user 20.
2025-04-15 11:38:33 INFO  Menu - User 20 is viewing their invoice
2025-04-15 11:38:33 INFO  Menu - User 20 requested to view their invoices.
2025-04-15 11:38:33 WARN  Menu - No invoices found for user 20.
2025-04-15 11:38:54 INFO  Menu - User 20 is viewing their invoice
2025-04-15 11:38:54 INFO  Menu - User 20 requested to view their invoices.
2025-04-15 11:38:54 WARN  Menu - No invoices found for user 20.
2025-04-15 11:38:55 INFO  Menu - User 20 is viewing their invoice
2025-04-15 11:38:55 INFO  Menu - User 20 requested to view their invoices.
2025-04-15 11:38:55 WARN  Menu - No invoices found for user 20.
2025-04-15 11:38:57 INFO  Menu - User 20 is viewing their invoice
2025-04-15 11:38:57 INFO  Menu - User 20 requested to view their invoices.
2025-04-15 11:38:57 WARN  Menu - No invoices found for user 20.
2025-04-15 11:39:51 INFO  Menu - User 20 is viewing their invoice
2025-04-15 11:39:51 INFO  Menu - User 20 requested to view their invoices.
2025-04-15 11:39:51 WARN  Menu - No invoices found for user 20.
2025-04-15 11:40:42 INFO  Menu - User 20 is canceling a booking
2025-04-15 11:40:42 WARN  Menu - No bookings found for ABRAR SHAHA at moment!
2025-04-15 11:40:51 INFO  Menu - User 20 is viewing their bookings
2025-04-15 11:40:51 INFO  Menu - User 20 requested to view their bookings.
2025-04-15 11:40:51 WARN  Menu - No bookings found for ABRAR SHAHA.
2025-04-15 12:07:08 WARN  HomeMenuUI - Invalid email format entered: 
2025-04-15 12:07:26 INFO  HikariDataSource - HikariPool-1 - Starting...
2025-04-15 12:07:27 INFO  HikariPool - HikariPool-1 - Added connection org.postgresql.jdbc.PgConnection@47f9738
2025-04-15 12:07:27 INFO  HikariDataSource - HikariPool-1 - Start completed.
2025-04-15 12:07:27 INFO  LogHelper - HHH000204: Processing PersistenceUnitInfo [name: my-persistence-unit]
2025-04-15 12:07:27 INFO  Version - HHH000412: Hibernate ORM core version 7.0.0.Alpha2
2025-04-15 12:07:27 INFO  RegionFactoryInitiator - HHH000026: Second-level cache disabled
2025-04-15 12:07:28 INFO  JtaPlatformInitiator - HHH000489: No JTA platform available (set 'hibernate.transaction.jta.platform' to enable JTA platform integration)
2025-04-15 12:07:29 INFO  HomeMenuUI - Login successful: ABRAR SHAHA (GUEST)
2025-04-15 12:15:48 WARN  HomeMenuUI - Invalid email format entered: 
2025-04-15 12:16:51 INFO  HikariDataSource - HikariPool-1 - Starting...
2025-04-15 12:16:51 INFO  HikariPool - HikariPool-1 - Added connection org.postgresql.jdbc.PgConnection@7db82169
2025-04-15 12:16:51 INFO  HikariDataSource - HikariPool-1 - Start completed.
2025-04-15 12:16:51 INFO  LogHelper - HHH000204: Processing PersistenceUnitInfo [name: my-persistence-unit]
2025-04-15 12:16:51 INFO  Version - HHH000412: Hibernate ORM core version 7.0.0.Alpha2
2025-04-15 12:16:51 INFO  RegionFactoryInitiator - HHH000026: Second-level cache disabled
2025-04-15 12:16:53 INFO  JtaPlatformInitiator - HHH000489: No JTA platform available (set 'hibernate.transaction.jta.platform' to enable JTA platform integration)
2025-04-15 12:16:54 INFO  HomeMenuUI - Login successful: ABRAR SHAHA (GUEST)
2025-04-15 12:16:54 INFO  Menu - User 20 is booking a room
2025-04-15 12:18:29 INFO  Menu - User 20 is viewing their bookings
2025-04-15 12:18:29 INFO  Menu - User 20 requested to view their bookings.
2025-04-15 12:18:29 WARN  Menu - No bookings found for ABRAR SHAHA.
2025-04-15 12:19:16 INFO  Menu - User 20 is booking a room
2025-04-15 12:25:56 INFO  HikariDataSource - HikariPool-1 - Starting...
2025-04-15 12:25:56 INFO  HikariPool - HikariPool-1 - Added connection org.postgresql.jdbc.PgConnection@5be067de
2025-04-15 12:25:56 INFO  HikariDataSource - HikariPool-1 - Start completed.
2025-04-15 12:25:56 INFO  LogHelper - HHH000204: Processing PersistenceUnitInfo [name: my-persistence-unit]
2025-04-15 12:25:56 INFO  Version - HHH000412: Hibernate ORM core version 7.0.0.Alpha2
2025-04-15 12:25:57 INFO  RegionFactoryInitiator - HHH000026: Second-level cache disabled
2025-04-15 12:25:58 INFO  JtaPlatformInitiator - HHH000489: No JTA platform available (set 'hibernate.transaction.jta.platform' to enable JTA platform integration)
2025-04-15 12:51:51 WARN  HomeMenuUI - Invalid email format entered: 
2025-04-15 12:51:58 INFO  HikariDataSource - HikariPool-1 - Starting...
2025-04-15 12:51:58 INFO  HikariPool - HikariPool-1 - Added connection org.postgresql.jdbc.PgConnection@3a94964
2025-04-15 12:51:58 INFO  HikariDataSource - HikariPool-1 - Start completed.
2025-04-15 12:51:58 INFO  LogHelper - HHH000204: Processing PersistenceUnitInfo [name: my-persistence-unit]
2025-04-15 12:51:58 INFO  Version - HHH000412: Hibernate ORM core version 7.0.0.Alpha2
2025-04-15 12:51:59 INFO  RegionFactoryInitiator - HHH000026: Second-level cache disabled
2025-04-15 12:52:00 INFO  JtaPlatformInitiator - HHH000489: No JTA platform available (set 'hibernate.transaction.jta.platform' to enable JTA platform integration)
2025-04-15 12:52:01 INFO  HomeMenuUI - Login successful: AISHA KHAN (GUEST)
2025-04-15 12:52:04 INFO  Menu - User 19 is viewing their bookings
2025-04-15 12:52:04 INFO  Menu - User 19 requested to view their bookings.
2025-04-15 12:52:04 INFO  Menu - Displayed booking: ID 50 | Check-in: 2025-04-14T12:00 | Check-out: 2025-04-16T12:00 | Status: CONFIRMED
2025-04-15 12:52:11 INFO  Menu - User 19 is viewing their invoice
2025-04-15 12:52:11 INFO  Menu - User 19 requested to view their invoices.
2025-04-15 12:52:11 INFO  Menu - Displayed invoice: ID 29 | Booking ID 50 | Amount: 5000.0 | Payment Status: PENDING
2025-04-15 12:53:17 INFO  Menu - User 19 is viewing their invoice
2025-04-15 12:53:17 INFO  Menu - User 19 requested to view their invoices.
2025-04-15 12:53:17 INFO  Menu - Displayed invoice: ID 29 | Booking ID 50 | Amount: 5000.0 | Payment Status: PENDING
2025-04-15 12:53:40 INFO  Menu - User 19 is viewing their invoice
2025-04-15 12:53:40 INFO  Menu - User 19 requested to view their invoices.
2025-04-15 12:53:40 INFO  Menu - Displayed invoice: ID 29 | Booking ID 50 | Amount: 5000.0 | Payment Status: PENDING
2025-04-15 12:54:08 INFO  Menu - User 19 is viewing their invoice
2025-04-15 12:54:08 INFO  Menu - User 19 requested to view their invoices.
2025-04-15 12:54:08 INFO  Menu - Displayed invoice: ID 29 | Booking ID 50 | Amount: 5000.0 | Payment Status: PENDING
2025-04-15 12:55:00 INFO  Menu - User 19 is viewing their invoice
2025-04-15 12:55:00 INFO  Menu - User 19 requested to view their invoices.
2025-04-15 12:55:00 INFO  Menu - Displayed invoice: ID 29 | Booking ID 50 | Amount: 5000.0 | Payment Status: PENDING
2025-04-15 12:56:00 WARN  HomeMenuUI - Invalid email format entered: 
2025-04-15 12:56:31 INFO  HikariDataSource - HikariPool-1 - Starting...
2025-04-15 12:56:32 INFO  HikariPool - HikariPool-1 - Added connection org.postgresql.jdbc.PgConnection@18f20260
2025-04-15 12:56:32 INFO  HikariDataSource - HikariPool-1 - Start completed.
2025-04-15 12:56:32 INFO  LogHelper - HHH000204: Processing PersistenceUnitInfo [name: my-persistence-unit]
2025-04-15 12:56:32 INFO  Version - HHH000412: Hibernate ORM core version 7.0.0.Alpha2
2025-04-15 12:56:32 INFO  RegionFactoryInitiator - HHH000026: Second-level cache disabled
2025-04-15 12:56:34 INFO  JtaPlatformInitiator - HHH000489: No JTA platform available (set 'hibernate.transaction.jta.platform' to enable JTA platform integration)
2025-04-15 12:56:35 INFO  HomeMenuUI - Login successful: AISHA KHAN (GUEST)
2025-04-15 12:56:39 INFO  UserMenuUI - User 19 is viewing their invoice
2025-04-15 12:56:49 INFO  UserMenuUI - User 19 requested to view their invoices.
2025-04-15 13:12:28 WARN  HomeMenuUI - Invalid email format entered: 
2025-04-15 13:12:34 INFO  HikariDataSource - HikariPool-1 - Starting...
2025-04-15 13:12:34 INFO  HikariPool - HikariPool-1 - Added connection org.postgresql.jdbc.PgConnection@18f20260
2025-04-15 13:12:34 INFO  HikariDataSource - HikariPool-1 - Start completed.
2025-04-15 13:12:34 INFO  LogHelper - HHH000204: Processing PersistenceUnitInfo [name: my-persistence-unit]
2025-04-15 13:12:34 INFO  Version - HHH000412: Hibernate ORM core version 7.0.0.Alpha2
2025-04-15 13:12:34 INFO  RegionFactoryInitiator - HHH000026: Second-level cache disabled
2025-04-15 13:12:36 INFO  JtaPlatformInitiator - HHH000489: No JTA platform available (set 'hibernate.transaction.jta.platform' to enable JTA platform integration)
2025-04-15 13:12:37 INFO  HomeMenuUI - Login successful: AISHA KHAN (GUEST)
2025-04-15 13:12:43 INFO  UserMenuUI - User 19 is viewing their invoice
2025-04-15 13:12:45 INFO  UserMenuUI - User 19 requested to view their invoices.
2025-04-15 13:14:47 INFO  UserMenuUI - User 19 is viewing their invoice
2025-04-15 13:14:51 INFO  UserMenuUI - User 19 requested to view their invoices.
2025-04-15 13:15:39 INFO  UserMenuUI - User 19 is viewing their invoice
2025-04-15 13:15:39 INFO  UserMenuUI - User 19 requested to view their invoices.
2025-04-15 13:15:39 INFO  UserMenuUI - Displayed invoice: ID 29 | Booking ID 50 | Amount: 5000.0 | Payment Status: PENDING
2025-04-15 13:20:54 INFO  HikariDataSource - HikariPool-1 - Starting...
2025-04-15 13:20:54 INFO  HikariPool - HikariPool-1 - Added connection org.postgresql.jdbc.PgConnection@7383eae2
2025-04-15 13:20:54 INFO  HikariDataSource - HikariPool-1 - Start completed.
2025-04-15 13:20:54 INFO  LogHelper - HHH000204: Processing PersistenceUnitInfo [name: my-persistence-unit]
2025-04-15 13:20:54 INFO  Version - HHH000412: Hibernate ORM core version 7.0.0.Alpha2
2025-04-15 13:20:54 INFO  RegionFactoryInitiator - HHH000026: Second-level cache disabled
2025-04-15 13:20:56 INFO  JtaPlatformInitiator - HHH000489: No JTA platform available (set 'hibernate.transaction.jta.platform' to enable JTA platform integration)
2025-04-15 13:21:51 WARN  HomeMenuUI - Invalid email format entered: 
2025-04-15 13:21:59 INFO  HomeMenuUI - Login successful: AISHA KHAN (GUEST)
2025-04-15 13:22:07 INFO  UserMenuUI - User 19 is viewing their bookings
2025-04-15 13:22:07 INFO  UserMenuUI - User 19 requested to view their bookings.
2025-04-15 13:22:07 INFO  UserMenuUI - Displayed booking: ID 50 | Check-in: 2025-04-14T12:00 | Check-out: 2025-04-16T12:00 | Status: CONFIRMED
2025-04-15 13:22:29 INFO  UserMenuUI - User 19 is viewing their invoice
2025-04-15 13:22:29 INFO  UserMenuUI - User 19 requested to view their invoices.
2025-04-15 13:22:29 INFO  UserMenuUI - Displayed invoice: ID 29 | Booking ID 50 | Amount: 5000.0 | Payment Status: PENDING
2025-04-15 13:22:32 INFO  UserMenuUI - User 19 is canceling a booking
2025-04-15 13:22:32 INFO  UserMenuUI - 1. Booking ID: 50, Status: CONFIRMED, Room Number: 1, Check-in: 2025-04-14T12:00, Check-out: 2025-04-16T12:00
2025-04-15 13:22:32 INFO  UserMenuUI - Enter the number of the booking you wish to cancel: 
2025-04-15 13:23:31 WARN  HomeMenuUI - Invalid email format entered: 
2025-04-15 13:23:36 WARN  HomeMenuUI - Invalid email format entered: aisha@gmial.com
2025-04-15 13:23:47 INFO  HikariDataSource - HikariPool-1 - Starting...
2025-04-15 13:23:48 INFO  HikariPool - HikariPool-1 - Added connection org.postgresql.jdbc.PgConnection@48c35007
2025-04-15 13:23:48 INFO  HikariDataSource - HikariPool-1 - Start completed.
2025-04-15 13:23:48 INFO  LogHelper - HHH000204: Processing PersistenceUnitInfo [name: my-persistence-unit]
2025-04-15 13:23:48 INFO  Version - HHH000412: Hibernate ORM core version 7.0.0.Alpha2
2025-04-15 13:23:48 INFO  RegionFactoryInitiator - HHH000026: Second-level cache disabled
2025-04-15 13:23:50 INFO  JtaPlatformInitiator - HHH000489: No JTA platform available (set 'hibernate.transaction.jta.platform' to enable JTA platform integration)
2025-04-15 13:23:51 WARN  HomeMenuUI - Invalid login attempt for email: aisha@gmail.com
2025-04-15 13:24:07 INFO  HomeMenuUI - Login successful: AISHA KHAN (GUEST)
2025-04-15 13:24:16 INFO  UserMenuUI - User 19 is viewing their invoice
2025-04-15 13:24:16 INFO  UserMenuUI - User 19 requested to view their invoices.
2025-04-15 13:24:16 INFO  UserMenuUI - Displayed invoice: ID 29 | Booking ID 50 | Amount: 5000.0 | Payment Status: PENDING
2025-04-15 13:24:19 INFO  UserMenuUI - User 19 is viewing their bookings
2025-04-15 13:24:19 INFO  UserMenuUI - User 19 requested to view their bookings.
2025-04-15 13:24:19 INFO  UserMenuUI - Displayed booking: ID 50 | Check-in: 2025-04-14T12:00 | Check-out: 2025-04-15T13:25 | Status: CONFIRMED
2025-04-15 13:25:43 INFO  UserMenuUI - User 19 is canceling a booking
2025-04-15 13:25:43 INFO  UserMenuUI - 1. Booking ID: 50, Status: CONFIRMED, Room Number: 1, Check-in: 2025-04-14T12:00, Check-out: 2025-04-15T13:25
2025-04-15 13:25:43 INFO  UserMenuUI - Enter the number of the booking you wish to cancel: 
2025-04-15 13:27:25 WARN  UserMenuUI - Invalid selection. Cancellation aborted.
2025-04-15 13:29:29 INFO  UserMenuUI - User 19 is viewing their bookings
2025-04-15 13:29:29 INFO  UserMenuUI - User 19 requested to view their bookings.
2025-04-15 13:29:29 INFO  UserMenuUI - Displayed booking: ID 50 | Check-in: 2025-04-14T12:00 | Check-out: 2025-04-15T13:25 | Status: CONFIRMED
2025-04-15 13:29:41 INFO  UserMenuUI - User 19 is canceling a booking
2025-04-15 13:29:41 INFO  UserMenuUI - 1. Booking ID: 50, Status: CONFIRMED, Room Number: 1, Check-in: 2025-04-14T12:00, Check-out: 2025-04-15T13:25
2025-04-15 13:29:41 INFO  UserMenuUI - Enter the number of the booking you wish to cancel: 
2025-04-15 13:29:46 WARN  UserMenuUI - Invalid selection. Cancellation aborted.
2025-04-15 13:31:15 INFO  UserMenuUI - User 19 is canceling a booking
2025-04-15 13:31:15 INFO  UserMenuUI - 1. Booking ID: 50, Status: CONFIRMED, Room Number: 1, Check-in: 2025-04-14T12:00, Check-out: 2025-04-15T13:25
2025-04-15 13:31:15 INFO  UserMenuUI - Enter the number of the booking you wish to cancel: 
2025-04-15 13:32:40 WARN  UserMenuUI - Invalid selection. Cancellation aborted.
2025-04-15 13:32:45 INFO  UserMenuUI - User 19 is canceling a booking
2025-04-15 13:32:45 INFO  UserMenuUI - 1. Booking ID: 50, Status: CONFIRMED, Room Number: 1, Check-in: 2025-04-14T12:00, Check-out: 2025-04-15T13:25
2025-04-15 13:32:45 INFO  UserMenuUI - Enter the number of the booking you wish to cancel: 
2025-04-15 13:32:47 WARN  UserMenuUI - Invalid selection. Cancellation aborted.
2025-04-15 14:54:06 WARN  HomeMenuUI - Invalid email format entered: 
2025-04-15 14:54:10 WARN  HomeMenuUI - Invalid email format entered: aisha2gmail.com
2025-04-15 14:54:23 INFO  HikariDataSource - HikariPool-1 - Starting...
2025-04-15 14:54:24 INFO  HikariPool - HikariPool-1 - Added connection org.postgresql.jdbc.PgConnection@7db82169
2025-04-15 14:54:24 INFO  HikariDataSource - HikariPool-1 - Start completed.
2025-04-15 14:54:24 INFO  LogHelper - HHH000204: Processing PersistenceUnitInfo [name: my-persistence-unit]
2025-04-15 14:54:24 INFO  Version - HHH000412: Hibernate ORM core version 7.0.0.Alpha2
2025-04-15 14:54:24 INFO  RegionFactoryInitiator - HHH000026: Second-level cache disabled
2025-04-15 14:54:26 INFO  JtaPlatformInitiator - HHH000489: No JTA platform available (set 'hibernate.transaction.jta.platform' to enable JTA platform integration)
2025-04-15 14:54:27 INFO  HomeMenuUI - Login successful: AISHA KHAN (GUEST)
2025-04-15 14:54:31 INFO  UserMenuUI - User 19 is canceling a booking
2025-04-15 14:54:31 INFO  UserMenuUI - 1. Booking ID: 50, Status: CONFIRMED, Room Number: 1, Check-in: 2025-04-14T12:00, Check-out: 2025-04-15T13:25
2025-04-15 14:54:31 INFO  UserMenuUI - Enter the number of the booking you wish to cancel: 
2025-04-15 14:54:33 WARN  UserMenuUI - Invalid selection. Cancellation aborted.
2025-04-15 14:56:14 INFO  UserMenuUI - User 19 is canceling a booking
2025-04-15 14:56:14 INFO  UserMenuUI - 1. Booking ID: 50, Status: CONFIRMED, Room Number: 1, Check-in: 2025-04-14T12:00, Check-out: 2025-04-15T13:25
2025-04-15 14:56:14 INFO  UserMenuUI - Enter the number of the booking you wish to cancel: 
2025-04-15 14:56:16 INFO  UserMenuUI - Are you sure you want to cancel the booking with ID: 50? (Y/N)
2025-04-15 14:56:40 INFO  UserMenuUI - Booking cancellation aborted.
2025-04-15 14:56:48 INFO  UserMenuUI - User 19 is canceling a booking
2025-04-15 14:56:48 INFO  UserMenuUI - 1. Booking ID: 50, Status: CONFIRMED, Room Number: 1, Check-in: 2025-04-14T12:00, Check-out: 2025-04-15T13:25
2025-04-15 14:56:48 INFO  UserMenuUI - Enter the number of the booking you wish to cancel: 
2025-04-15 14:56:50 INFO  UserMenuUI - Are you sure you want to cancel the booking with ID: 50? (Y/N)
2025-04-15 14:58:12 INFO  UserMenuUI - Booking cancellation aborted.
2025-04-15 14:58:30 INFO  UserMenuUI - User 19 is canceling a booking
2025-04-15 15:05:43 WARN  HikariPool - HikariPool-1 - Thread starvation or clock leap detected (housekeeper delta=7m19s442ms440µs800ns).
2025-04-15 15:06:48 WARN  HikariPool - HikariPool-1 - Thread starvation or clock leap detected (housekeeper delta=1m5s344ms514µs700ns).
2025-04-15 15:07:04 INFO  UserMenuUI - 1. Booking ID: 50, Status: CONFIRMED, Room Number: 1, Check-in: 2025-04-14T12:00, Check-out: 2025-04-15T13:25
2025-04-15 15:07:20 INFO  UserMenuUI - Enter the number of the booking you wish to cancel: 
2025-04-15 15:07:49 WARN  UserMenuUI - Invalid selection. Cancellation aborted.
2025-04-15 15:08:43 INFO  UserMenuUI - User 19 is canceling a booking
2025-04-15 15:08:58 INFO  UserMenuUI - 1. Booking ID: 50, Status: CONFIRMED, Room Number: 1, Check-in: 2025-04-14T12:00, Check-out: 2025-04-15T13:25
2025-04-15 15:09:05 INFO  UserMenuUI - Enter the number of the booking you wish to cancel: 
2025-04-15 15:09:07 WARN  UserMenuUI - Invalid selection. Cancellation aborted.
2025-04-15 15:09:19 INFO  UserMenuUI - User 19 is canceling a booking
2025-04-15 15:09:22 INFO  UserMenuUI - 1. Booking ID: 50, Status: CONFIRMED, Room Number: 1, Check-in: 2025-04-14T12:00, Check-out: 2025-04-15T13:25
2025-04-15 15:09:24 INFO  UserMenuUI - Enter the number of the booking you wish to cancel: 
2025-04-15 15:09:28 WARN  UserMenuUI - Invalid selection. Cancellation aborted.
2025-04-15 15:09:51 WARN  HikariPool - HikariPool-1 - Thread starvation or clock leap detected (housekeeper delta=46s634ms262µs799ns).
2025-04-15 15:09:54 INFO  UserMenuUI - User 19 is canceling a booking
2025-04-15 15:09:58 INFO  UserMenuUI - 1. Booking ID: 50, Status: CONFIRMED, Room Number: 1, Check-in: 2025-04-14T12:00, Check-out: 2025-04-15T13:25
2025-04-15 15:10:07 INFO  UserMenuUI - Enter the number of the booking you wish to cancel: 
2025-04-15 15:10:26 WARN  UserMenuUI - Invalid selection. Cancellation aborted.
2025-04-15 15:15:41 WARN  HikariPool - HikariPool-1 - Thread starvation or clock leap detected (housekeeper delta=5m15s75ms538µs).
2025-04-15 15:15:58 INFO  UserMenuUI - User 19 is canceling a booking
2025-04-15 15:15:58 INFO  UserMenuUI - 1. Booking ID: 50, Status: CONFIRMED, Room Number: 1, Check-in: 2025-04-14T12:00, Check-out: 2025-04-15T13:25
2025-04-15 15:15:58 INFO  UserMenuUI - Enter the number of the booking you wish to cancel: 
2025-04-15 15:16:00 WARN  UserMenuUI - Invalid selection. Cancellation aborted.
2025-04-15 15:23:52 WARN  HomeMenuUI - Invalid email format entered: 
2025-04-15 15:24:04 INFO  HikariDataSource - HikariPool-1 - Starting...
2025-04-15 15:24:04 INFO  HikariPool - HikariPool-1 - Added connection org.postgresql.jdbc.PgConnection@18f20260
2025-04-15 15:24:04 INFO  HikariDataSource - HikariPool-1 - Start completed.
2025-04-15 15:24:04 INFO  LogHelper - HHH000204: Processing PersistenceUnitInfo [name: my-persistence-unit]
2025-04-15 15:24:04 INFO  Version - HHH000412: Hibernate ORM core version 7.0.0.Alpha2
2025-04-15 15:24:04 INFO  RegionFactoryInitiator - HHH000026: Second-level cache disabled
2025-04-15 15:24:06 INFO  JtaPlatformInitiator - HHH000489: No JTA platform available (set 'hibernate.transaction.jta.platform' to enable JTA platform integration)
2025-04-15 15:24:07 INFO  HomeMenuUI - Login successful: AISHA KHAN (GUEST)
2025-04-15 15:24:10 INFO  UserMenuUI - User 19 is canceling a booking
2025-04-15 15:24:10 INFO  UserMenuUI - 1. Booking ID: 50, Status: CONFIRMED, Room Number: 1, Check-in: 2025-04-14T12:00, Check-out: 2025-04-15T13:25
2025-04-15 15:24:10 INFO  UserMenuUI - Prompting user to enter booking ID to cancel.
2025-04-15 15:24:12 INFO  UserMenuUI - Are you sure you want to cancel the booking with ID: 50? (Y/N)
2025-04-15 15:24:28 INFO  UserMenuUI - Booking cancellation aborted.
2025-04-15 15:24:33 INFO  UserMenuUI - User 19 is canceling a booking
2025-04-15 15:24:33 INFO  UserMenuUI - 1. Booking ID: 50, Status: CONFIRMED, Room Number: 1, Check-in: 2025-04-14T12:00, Check-out: 2025-04-15T13:25
2025-04-15 15:24:33 INFO  UserMenuUI - Prompting user to enter booking ID to cancel.
2025-04-15 15:24:35 INFO  UserMenuUI - Are you sure you want to cancel the booking with ID: 50? (Y/N)
2025-04-15 15:24:36 INFO  UserMenuUI - Booking cancellation aborted.
2025-04-15 15:24:50 INFO  UserMenuUI - User 19 is canceling a booking
2025-04-15 15:25:05 INFO  UserMenuUI - 1. Booking ID: 50, Status: CONFIRMED, Room Number: 1, Check-in: 2025-04-14T12:00, Check-out: 2025-04-15T13:25
2025-04-15 15:25:22 INFO  UserMenuUI - Prompting user to enter booking ID to cancel.
2025-04-15 15:27:32 WARN  HikariPool - HikariPool-1 - Thread starvation or clock leap detected (housekeeper delta=1m15s823ms603µs99ns).
2025-04-15 15:27:36 INFO  UserMenuUI - Are you sure you want to cancel the booking with ID: 50? (Y/N)
2025-04-15 15:28:20 INFO  UserMenuUI - Attempting to update room availability. Room ID: 1, Availability: true
2025-04-15 15:28:20 INFO  RoomServiceImpl - Fetched room with ID 1: Optional[Room{roomID=1, roomNumber=101, roomType=SINGLE, price=2500.0, isAvailable=false}]
2025-04-15 15:28:20 INFO  RoomDaoImpl - Room updated successfully: Room{roomID=1, roomNumber=101, roomType=SINGLE, price=2500.0, isAvailable=true}
2025-04-15 15:28:20 INFO  RoomServiceImpl - Room updated successfully: Room{roomID=1, roomNumber=101, roomType=SINGLE, price=2500.0, isAvailable=true}
2025-04-15 15:28:20 INFO  UserMenuUI - Room ID: 1 availability successfully updated to: true
2025-04-15 15:28:27 INFO  UserMenuUI - Booking successfully canceled, and room availability updated.
2025-04-15 15:28:53 INFO  UserMenuUI - User 19 is canceling a booking
2025-04-15 15:28:53 INFO  UserMenuUI - No bookings available for cancellation.
2025-04-15 15:29:43 INFO  UserMenuUI - User 19 is canceling a booking
2025-04-15 15:30:37 WARN  HikariPool - HikariPool-1 - Thread starvation or clock leap detected (housekeeper delta=1m31ms32µs99ns).
2025-04-15 15:31:13 INFO  UserMenuUI - No bookings available for cancellation.
2025-04-15 15:31:20 INFO  UserMenuUI - User 19 is canceling a booking
2025-04-15 15:31:26 INFO  UserMenuUI - No bookings available for cancellation.
2025-04-15 15:32:17 INFO  UserMenuUI - User 19 is viewing their invoice
2025-04-15 15:32:17 INFO  UserMenuUI - User 19 requested to view their invoices.
2025-04-15 15:32:17 INFO  UserMenuUI - Displayed invoice: ID 29 | Booking ID 50 | Amount: 5000.0 | Payment Status: PENDING
2025-04-15 15:32:33 INFO  UserMenuUI - User 19 is viewing their bookings
2025-04-15 15:32:33 INFO  UserMenuUI - User 19 requested to view their bookings.
2025-04-15 15:32:33 INFO  UserMenuUI - Displayed booking: ID 50 | Check-in: 2025-04-14T12:00 | Check-out: 2025-04-15T13:25 | Status: CANCELLED
2025-04-15 15:32:44 INFO  UserMenuUI - User 19 is viewing their invoice
2025-04-15 15:32:44 INFO  UserMenuUI - User 19 requested to view their invoices.
2025-04-15 15:32:44 INFO  UserMenuUI - Displayed invoice: ID 29 | Booking ID 50 | Amount: 5000.0 | Payment Status: PENDING
2025-04-15 15:53:57 WARN  HomeMenuUI - Invalid email format entered: 
2025-04-15 15:54:08 INFO  HikariDataSource - HikariPool-1 - Starting...
2025-04-15 15:54:08 INFO  HikariPool - HikariPool-1 - Added connection org.postgresql.jdbc.PgConnection@48c35007
2025-04-15 15:54:08 INFO  HikariDataSource - HikariPool-1 - Start completed.
2025-04-15 15:54:08 INFO  LogHelper - HHH000204: Processing PersistenceUnitInfo [name: my-persistence-unit]
2025-04-15 15:54:08 INFO  Version - HHH000412: Hibernate ORM core version 7.0.0.Alpha2
2025-04-15 15:54:09 INFO  RegionFactoryInitiator - HHH000026: Second-level cache disabled
2025-04-15 15:54:10 INFO  JtaPlatformInitiator - HHH000489: No JTA platform available (set 'hibernate.transaction.jta.platform' to enable JTA platform integration)
2025-04-15 15:54:11 INFO  HomeMenuUI - Login successful: AISHA KHAN (GUEST)
2025-04-15 15:54:15 INFO  UserMenuUI - User 19 is viewing their bookings
2025-04-15 15:54:15 INFO  UserMenuUI - User 19 requested to view their bookings.
2025-04-15 15:54:15 INFO  UserMenuUI - Displayed booking: ID 50 | Check-in: 2025-04-14T12:00 | Check-out: 2025-04-15T13:25 | Status: CONFIRMED
2025-04-15 15:54:21 INFO  UserMenuUI - User 19 is viewing their invoice
2025-04-15 15:54:21 INFO  UserMenuUI - User 19 requested to view their invoices.
2025-04-15 15:54:21 INFO  UserMenuUI - Displayed invoice: ID 29 | Booking ID 50 | Amount: 5000.0 | Payment Status: PENDING
2025-04-15 15:54:29 INFO  UserMenuUI - User 19 is canceling a booking
2025-04-15 15:54:29 INFO  UserMenuUI - 1. Booking ID: 50, Status: CONFIRMED, Room Number: 1, Check-in: 2025-04-14T12:00, Check-out: 2025-04-15T13:25
2025-04-15 15:54:29 INFO  UserMenuUI - Prompting user to enter booking ID to cancel.
2025-04-15 16:21:24 WARN  HomeMenuUI - Invalid email format entered: 
2025-04-15 16:21:35 INFO  HikariDataSource - HikariPool-1 - Starting...
2025-04-15 16:21:35 INFO  HikariPool - HikariPool-1 - Added connection org.postgresql.jdbc.PgConnection@48c35007
2025-04-15 16:21:35 INFO  HikariDataSource - HikariPool-1 - Start completed.
2025-04-15 16:21:35 INFO  LogHelper - HHH000204: Processing PersistenceUnitInfo [name: my-persistence-unit]
2025-04-15 16:21:35 INFO  Version - HHH000412: Hibernate ORM core version 7.0.0.Alpha2
2025-04-15 16:21:35 INFO  RegionFactoryInitiator - HHH000026: Second-level cache disabled
2025-04-15 16:21:37 INFO  JtaPlatformInitiator - HHH000489: No JTA platform available (set 'hibernate.transaction.jta.platform' to enable JTA platform integration)
2025-04-15 16:21:38 INFO  HomeMenuUI - Login successful: AISHA KHAN (GUEST)
2025-04-15 16:21:39 INFO  UserMenuUI - User 19 is canceling a booking
2025-04-15 16:21:39 INFO  UserMenuUI - 1. Booking ID: 50, Status: CONFIRMED, Room Number: 1, Check-in: 2025-04-14T12:00, Check-out: 2025-04-15T13:25
2025-04-15 16:21:39 INFO  UserMenuUI - Prompting user to enter booking ID to cancel.
2025-04-15 16:24:34 WARN  HomeMenuUI - Invalid email format entered: 
2025-04-15 16:25:11 INFO  HikariDataSource - HikariPool-1 - Starting...
2025-04-15 16:25:11 INFO  HikariPool - HikariPool-1 - Added connection org.postgresql.jdbc.PgConnection@19fe4644
2025-04-15 16:25:11 INFO  HikariDataSource - HikariPool-1 - Start completed.
2025-04-15 16:25:11 INFO  LogHelper - HHH000204: Processing PersistenceUnitInfo [name: my-persistence-unit]
2025-04-15 16:25:11 INFO  Version - HHH000412: Hibernate ORM core version 7.0.0.Alpha2
2025-04-15 16:25:11 INFO  RegionFactoryInitiator - HHH000026: Second-level cache disabled
2025-04-15 16:25:13 INFO  JtaPlatformInitiator - HHH000489: No JTA platform available (set 'hibernate.transaction.jta.platform' to enable JTA platform integration)
2025-04-15 16:25:14 INFO  HomeMenuUI - Login successful: AISHA KHAN (GUEST)
2025-04-15 16:25:18 INFO  UserMenuUI - User 19 is canceling a booking
2025-04-15 16:25:18 INFO  UserMenuUI - 1. Booking ID: 50, Status: CONFIRMED, Room Number: 1, Check-in: 2025-04-14T12:00, Check-out: 2025-04-15T13:25
2025-04-15 16:25:18 INFO  UserMenuUI - Prompting user to enter booking ID to cancel.
2025-04-15 16:25:20 INFO  UserMenuUI - Are you sure you want to cancel the booking with ID: 50? (Y/N)
2025-04-15 16:25:23 INFO  UserMenuUI - Attempting to update room availability. Room ID: 1, Availability: true
2025-04-15 16:25:23 INFO  RoomServiceImpl - Fetched room with ID 1: Optional[Room{roomID=1, roomNumber=101, roomType=SINGLE, price=2500.0, isAvailable=false}]
2025-04-15 16:25:23 INFO  RoomDaoImpl - Room updated successfully: Room{roomID=1, roomNumber=101, roomType=SINGLE, price=2500.0, isAvailable=true}
2025-04-15 16:25:23 INFO  RoomServiceImpl - Room updated successfully: Room{roomID=1, roomNumber=101, roomType=SINGLE, price=2500.0, isAvailable=true}
2025-04-15 16:25:23 INFO  UserMenuUI - Room ID: 1 availability successfully updated to: true
2025-04-15 16:25:23 INFO  UserMenuUI - Booking successfully canceled, and room availability updated.
2025-04-15 16:30:52 WARN  HomeMenuUI - Invalid email format entered: 
2025-04-15 16:31:16 INFO  HikariDataSource - HikariPool-1 - Starting...
2025-04-15 16:31:16 INFO  HikariPool - HikariPool-1 - Added connection org.postgresql.jdbc.PgConnection@b40bb6e
2025-04-15 16:31:16 INFO  HikariDataSource - HikariPool-1 - Start completed.
2025-04-15 16:31:16 INFO  LogHelper - HHH000204: Processing PersistenceUnitInfo [name: my-persistence-unit]
2025-04-15 16:31:16 INFO  Version - HHH000412: Hibernate ORM core version 7.0.0.Alpha2
2025-04-15 16:31:16 INFO  RegionFactoryInitiator - HHH000026: Second-level cache disabled
2025-04-15 16:31:18 INFO  JtaPlatformInitiator - HHH000489: No JTA platform available (set 'hibernate.transaction.jta.platform' to enable JTA platform integration)
2025-04-15 16:31:19 INFO  HomeMenuUI - Login successful: ABRAR SHAHA (GUEST)
2025-04-15 16:31:22 INFO  UserMenuUI - User 20 is booking a room
2025-04-15 16:32:04 INFO  BookingServiceImpl - Booking created successfully with ID: 51
2025-04-15 16:32:04 INFO  RoomDaoImpl - Room updated successfully: Room{roomID=16, roomNumber=404, roomType=DELUXE, price=10000.0, isAvailable=false}
2025-04-15 16:32:04 INFO  RoomServiceImpl - Room updated successfully: Room{roomID=16, roomNumber=404, roomType=DELUXE, price=10000.0, isAvailable=false}
2025-04-15 16:32:09 INFO  UserMenuUI - Generating invoice for user 20 | Booking ID: 51 | Amount: 10000.0 | Paid: true
2025-04-15 16:32:09 INFO  UserMenuUI - Invoice successfully generated: ID 30
2025-04-15 16:32:19 INFO  UserMenuUI - User 20 is canceling a booking
2025-04-15 16:32:19 INFO  UserMenuUI - 1. Booking ID: 51, Status: CONFIRMED, Room Number: 16, Check-in: 2025-04-15T16:35, Check-out: 2025-04-16T16:35
2025-04-15 16:32:19 INFO  UserMenuUI - Prompting user to enter booking ID to cancel.
2025-04-15 16:39:04 WARN  HikariPool - HikariPool-1 - Thread starvation or clock leap detected (housekeeper delta=6m47s473ms686µs600ns).
2025-04-15 16:39:04 INFO  UserMenuUI - Are you sure you want to cancel the booking with ID: 51? (Y/N)
2025-04-15 16:39:28 WARN  HomeMenuUI - Invalid email format entered: 
2025-04-15 16:39:42 INFO  HikariDataSource - HikariPool-1 - Starting...
2025-04-15 16:39:42 INFO  HikariPool - HikariPool-1 - Added connection org.postgresql.jdbc.PgConnection@48c35007
2025-04-15 16:39:42 INFO  HikariDataSource - HikariPool-1 - Start completed.
2025-04-15 16:39:42 INFO  LogHelper - HHH000204: Processing PersistenceUnitInfo [name: my-persistence-unit]
2025-04-15 16:39:42 INFO  Version - HHH000412: Hibernate ORM core version 7.0.0.Alpha2
2025-04-15 16:39:42 INFO  RegionFactoryInitiator - HHH000026: Second-level cache disabled
2025-04-15 16:39:44 INFO  JtaPlatformInitiator - HHH000489: No JTA platform available (set 'hibernate.transaction.jta.platform' to enable JTA platform integration)
2025-04-15 16:39:45 INFO  HomeMenuUI - Login successful: SAURAV SHARMA (GUEST)
2025-04-15 16:40:12 INFO  UserMenuUI - User 13 is booking a room
2025-04-15 16:41:38 INFO  UserMenuUI - Collected details for 2 guest(s)
2025-04-15 16:41:41 INFO  BookingServiceImpl - Booking created successfully with ID: 52
2025-04-15 16:41:41 INFO  RoomDaoImpl - Room updated successfully: Room{roomID=1, roomNumber=101, roomType=SINGLE, price=2500.0, isAvailable=false}
2025-04-15 16:41:41 INFO  RoomServiceImpl - Room updated successfully: Room{roomID=1, roomNumber=101, roomType=SINGLE, price=2500.0, isAvailable=false}
2025-04-15 16:41:49 INFO  UserMenuUI - Generating invoice for user 13 | Booking ID: 52 | Amount: 5000.0 | Paid: true
2025-04-15 16:41:49 INFO  UserMenuUI - Invoice successfully generated: ID 31
2025-04-15 17:04:55 WARN  HomeMenuUI - Invalid email format entered: 
2025-04-15 17:05:03 INFO  HikariDataSource - HikariPool-1 - Starting...
2025-04-15 17:05:03 INFO  HikariPool - HikariPool-1 - Added connection org.postgresql.jdbc.PgConnection@1fde5d22
2025-04-15 17:05:03 INFO  HikariDataSource - HikariPool-1 - Start completed.
2025-04-15 17:05:03 INFO  LogHelper - HHH000204: Processing PersistenceUnitInfo [name: my-persistence-unit]
2025-04-15 17:05:03 INFO  Version - HHH000412: Hibernate ORM core version 7.0.0.Alpha2
2025-04-15 17:05:03 INFO  RegionFactoryInitiator - HHH000026: Second-level cache disabled
2025-04-15 17:05:05 INFO  JtaPlatformInitiator - HHH000489: No JTA platform available (set 'hibernate.transaction.jta.platform' to enable JTA platform integration)
2025-04-15 17:05:06 INFO  HomeMenuUI - Login successful: SHUBHAM LANKE (STAFF)
2025-04-15 17:05:06 INFO  StaffMenuUI - Staff menu accessed by: SHUBHAM LANKE (Role: STAFF)
2025-04-15 17:05:08 INFO  StaffMenuUI - User SHUBHAM LANKE selected: Check Guest Details
2025-04-15 17:08:14 INFO  StaffMenuUI - User SHUBHAM LANKE selected: View Available Rooms
2025-04-15 17:08:20 INFO  StaffMenuUI - User SHUBHAM LANKE selected: Checkout
2025-04-15 17:08:27 INFO  Menu - Initiating checkout for user: ABRAR SHAHA (abrar@gmail.com)
2025-04-15 17:08:27 INFO  BookingServiceImpl - Booking updated successfully with ID: 51
2025-04-15 17:08:27 INFO  Menu - Booking ID: 51 status updated to COMPLETED
2025-04-15 17:08:27 INFO  RoomServiceImpl - Fetched room with ID 16: Optional[Room{roomID=16, roomNumber=404, roomType=DELUXE, price=10000.0, isAvailable=false}]
2025-04-15 17:08:27 INFO  RoomDaoImpl - Room updated successfully: Room{roomID=16, roomNumber=404, roomType=DELUXE, price=10000.0, isAvailable=true}
2025-04-15 17:08:27 INFO  RoomServiceImpl - Room updated successfully: Room{roomID=16, roomNumber=404, roomType=DELUXE, price=10000.0, isAvailable=true}
2025-04-15 17:08:27 INFO  Menu - Room 404 is now available after checkout
2025-04-15 17:08:27 INFO  Menu - Checkout completed successfully for user: ABRAR SHAHA
2025-04-15 17:08:43 INFO  StaffMenuUI - User SHUBHAM LANKE selected: Cancel Booking
2025-04-15 17:09:01 INFO  Menu - Cancellation process started for Booking ID: 52
2025-04-15 17:09:04 INFO  Menu - Booking ID: 52 successfully canceled
