2025-04-14 13:29:43 ERROR BookingDaoImpl - Error occurred while fetching all bookings
java.lang.IllegalArgumentException: org.hibernate.query.sqm.UnknownPathException: Could not resolve attribute 'invoice' of 'org.example.entity.Booking' [SELECT b FROM Booking b JOIN FETCH b.user JOIN FETCH b.room JOIN FETCH b.invoice ORDER BY b.checkIn DESC]
	at org.hibernate.internal.ExceptionConverterImpl.convert(ExceptionConverterImpl.java:143) ~[hibernate-core-7.0.0.Alpha2.jar:7.0.0.Alpha2]
	at org.hibernate.internal.ExceptionConverterImpl.convert(ExceptionConverterImpl.java:167) ~[hibernate-core-7.0.0.Alpha2.jar:7.0.0.Alpha2]
	at org.hibernate.internal.ExceptionConverterImpl.convert(ExceptionConverterImpl.java:173) ~[hibernate-core-7.0.0.Alpha2.jar:7.0.0.Alpha2]
	at org.hibernate.internal.AbstractSharedSessionContract.createQuery(AbstractSharedSessionContract.java:890) ~[hibernate-core-7.0.0.Alpha2.jar:7.0.0.Alpha2]
	at org.hibernate.internal.SessionImpl.createQuery(SessionImpl.java:215) ~[hibernate-core-7.0.0.Alpha2.jar:7.0.0.Alpha2]
	at org.example.dao.BookingDaoImpl.getAllBookings(BookingDaoImpl.java:109) [classes/:?]
	at org.example.service.BookingServiceImpl.getAllBookings(BookingServiceImpl.java:83) [classes/:?]
	at org.example.controller.BookingController.getAllBookings(BookingController.java:65) [classes/:?]
	at org.example.view.AdminDashBoard.viewAllBookings(AdminDashBoard.java:285) [classes/:?]
	at org.example.view.AdminDashBoard.displayAdminMenu(AdminDashBoard.java:237) [classes/:?]
	at org.example.view.Menu.loginUser(Menu.java:218) [classes/:?]
	at org.example.view.Menu.displayMainMenu(Menu.java:96) [classes/:?]
	at org.example.Main.main(Main.java:57) [classes/:?]
Caused by: org.hibernate.query.sqm.UnknownPathException: Could not resolve attribute 'invoice' of 'org.example.entity.Booking' [SELECT b FROM Booking b JOIN FETCH b.user JOIN FETCH b.room JOIN FETCH b.invoice ORDER BY b.checkIn DESC]
	at org.hibernate.query.hql.internal.StandardHqlTranslator.translate(StandardHqlTranslator.java:88) ~[hibernate-core-7.0.0.Alpha2.jar:7.0.0.Alpha2]
	at org.hibernate.query.internal.QueryInterpretationCacheStandardImpl.createHqlInterpretation(QueryInterpretationCacheStandardImpl.java:145) ~[hibernate-core-7.0.0.Alpha2.jar:7.0.0.Alpha2]
	at org.hibernate.query.internal.QueryInterpretationCacheStandardImpl.resolveHqlInterpretation(QueryInterpretationCacheStandardImpl.java:132) ~[hibernate-core-7.0.0.Alpha2.jar:7.0.0.Alpha2]
	at org.hibernate.internal.AbstractSharedSessionContract.interpretHql(AbstractSharedSessionContract.java:831) ~[hibernate-core-7.0.0.Alpha2.jar:7.0.0.Alpha2]
	at org.hibernate.internal.AbstractSharedSessionContract.createQuery(AbstractSharedSessionContract.java:882) ~[hibernate-core-7.0.0.Alpha2.jar:7.0.0.Alpha2]
	... 9 more
Caused by: org.hibernate.query.sqm.PathElementException: Could not resolve attribute 'invoice' of 'org.example.entity.Booking'
	at org.hibernate.query.sqm.SqmPathSource.getSubPathSource(SqmPathSource.java:95) ~[hibernate-core-7.0.0.Alpha2.jar:7.0.0.Alpha2]
	at org.hibernate.query.hql.internal.QualifiedJoinPathConsumer.createJoin(QualifiedJoinPathConsumer.java:192) ~[hibernate-core-7.0.0.Alpha2.jar:7.0.0.Alpha2]
	at org.hibernate.query.hql.internal.QualifiedJoinPathConsumer$AttributeJoinDelegate.consumeIdentifier(QualifiedJoinPathConsumer.java:270) ~[hibernate-core-7.0.0.Alpha2.jar:7.0.0.Alpha2]
	at org.hibernate.query.hql.internal.QualifiedJoinPathConsumer.consumeIdentifier(QualifiedJoinPathConsumer.java:106) ~[hibernate-core-7.0.0.Alpha2.jar:7.0.0.Alpha2]
	at org.hibernate.query.hql.internal.SemanticQueryBuilder.visitSimplePath(SemanticQueryBuilder.java:5262) ~[hibernate-core-7.0.0.Alpha2.jar:7.0.0.Alpha2]
	at org.hibernate.query.hql.internal.SemanticQueryBuilder.visitIndexedPathAccessFragment(SemanticQueryBuilder.java:5211) ~[hibernate-core-7.0.0.Alpha2.jar:7.0.0.Alpha2]
	at org.hibernate.query.hql.internal.SemanticQueryBuilder.visitGeneralPathFragment(SemanticQueryBuilder.java:5186) ~[hibernate-core-7.0.0.Alpha2.jar:7.0.0.Alpha2]
	at org.hibernate.query.hql.internal.SemanticQueryBuilder.visitGeneralPathFragment(SemanticQueryBuilder.java:274) ~[hibernate-core-7.0.0.Alpha2.jar:7.0.0.Alpha2]
	at org.hibernate.grammars.hql.HqlParser$GeneralPathFragmentContext.accept(HqlParser.java:4719) ~[hibernate-core-7.0.0.Alpha2.jar:7.0.0.Alpha2]
	at org.hibernate.query.hql.internal.SemanticQueryBuilder.visitPath(SemanticQueryBuilder.java:5177) ~[hibernate-core-7.0.0.Alpha2.jar:7.0.0.Alpha2]
	at org.hibernate.query.hql.internal.SemanticQueryBuilder.visitPath(SemanticQueryBuilder.java:274) ~[hibernate-core-7.0.0.Alpha2.jar:7.0.0.Alpha2]
	at org.hibernate.grammars.hql.HqlParser$PathContext.accept(HqlParser.java:4514) ~[hibernate-core-7.0.0.Alpha2.jar:7.0.0.Alpha2]
	at org.hibernate.query.hql.internal.SemanticQueryBuilder.getJoin(SemanticQueryBuilder.java:2268) ~[hibernate-core-7.0.0.Alpha2.jar:7.0.0.Alpha2]
	at org.hibernate.query.hql.internal.SemanticQueryBuilder.consumeJoin(SemanticQueryBuilder.java:2212) ~[hibernate-core-7.0.0.Alpha2.jar:7.0.0.Alpha2]
	at org.hibernate.query.hql.internal.SemanticQueryBuilder.visitEntityWithJoins(SemanticQueryBuilder.java:2025) ~[hibernate-core-7.0.0.Alpha2.jar:7.0.0.Alpha2]
	at org.hibernate.query.hql.internal.SemanticQueryBuilder.visitFromClause(SemanticQueryBuilder.java:2004) ~[hibernate-core-7.0.0.Alpha2.jar:7.0.0.Alpha2]
	at org.hibernate.query.hql.internal.SemanticQueryBuilder.visitQuery(SemanticQueryBuilder.java:1235) ~[hibernate-core-7.0.0.Alpha2.jar:7.0.0.Alpha2]
	at org.hibernate.query.hql.internal.SemanticQueryBuilder.visitQuerySpecExpression(SemanticQueryBuilder.java:1032) ~[hibernate-core-7.0.0.Alpha2.jar:7.0.0.Alpha2]
	at org.hibernate.query.hql.internal.SemanticQueryBuilder.visitQuerySpecExpression(SemanticQueryBuilder.java:274) ~[hibernate-core-7.0.0.Alpha2.jar:7.0.0.Alpha2]
	at org.hibernate.grammars.hql.HqlParser$QuerySpecExpressionContext.accept(HqlParser.java:2132) ~[hibernate-core-7.0.0.Alpha2.jar:7.0.0.Alpha2]
	at org.hibernate.query.hql.internal.SemanticQueryBuilder.visitSimpleQueryGroup(SemanticQueryBuilder.java:1017) ~[hibernate-core-7.0.0.Alpha2.jar:7.0.0.Alpha2]
	at org.hibernate.query.hql.internal.SemanticQueryBuilder.visitSimpleQueryGroup(SemanticQueryBuilder.java:274) ~[hibernate-core-7.0.0.Alpha2.jar:7.0.0.Alpha2]
	at org.hibernate.grammars.hql.HqlParser$SimpleQueryGroupContext.accept(HqlParser.java:2003) ~[hibernate-core-7.0.0.Alpha2.jar:7.0.0.Alpha2]
	at org.hibernate.query.hql.internal.SemanticQueryBuilder.visitSelectStatement(SemanticQueryBuilder.java:487) ~[hibernate-core-7.0.0.Alpha2.jar:7.0.0.Alpha2]
	at org.hibernate.query.hql.internal.SemanticQueryBuilder.visitStatement(SemanticQueryBuilder.java:446) ~[hibernate-core-7.0.0.Alpha2.jar:7.0.0.Alpha2]
	at org.hibernate.query.hql.internal.SemanticQueryBuilder.buildSemanticModel(SemanticQueryBuilder.java:319) ~[hibernate-core-7.0.0.Alpha2.jar:7.0.0.Alpha2]
	at org.hibernate.query.hql.internal.StandardHqlTranslator.translate(StandardHqlTranslator.java:71) ~[hibernate-core-7.0.0.Alpha2.jar:7.0.0.Alpha2]
	at org.hibernate.query.internal.QueryInterpretationCacheStandardImpl.createHqlInterpretation(QueryInterpretationCacheStandardImpl.java:145) ~[hibernate-core-7.0.0.Alpha2.jar:7.0.0.Alpha2]
	at org.hibernate.query.internal.QueryInterpretationCacheStandardImpl.resolveHqlInterpretation(QueryInterpretationCacheStandardImpl.java:132) ~[hibernate-core-7.0.0.Alpha2.jar:7.0.0.Alpha2]
	at org.hibernate.internal.AbstractSharedSessionContract.interpretHql(AbstractSharedSessionContract.java:831) ~[hibernate-core-7.0.0.Alpha2.jar:7.0.0.Alpha2]
	at org.hibernate.internal.AbstractSharedSessionContract.createQuery(AbstractSharedSessionContract.java:882) ~[hibernate-core-7.0.0.Alpha2.jar:7.0.0.Alpha2]
	... 9 more
2025-04-14 14:59:08 ERROR SqlExceptionHelper - ERROR: column "user_type" of relation "users" does not exist
  Position: 60
2025-04-14 14:59:08 ERROR UserDaoImpl - Error while registering user: could not execute statement [ERROR: column "user_type" of relation "users" does not exist
  Position: 60] [insert into users (email,is_active,name,password,user_role,user_type) values (?,?,?,?,?,'User') returning user_id]
org.hibernate.exception.SQLGrammarException: could not execute statement [ERROR: column "user_type" of relation "users" does not exist
  Position: 60] [insert into users (email,is_active,name,password,user_role,user_type) values (?,?,?,?,?,'User') returning user_id]
	at org.hibernate.exception.internal.SQLStateConversionDelegate.convert(SQLStateConversionDelegate.java:91) ~[hibernate-core-7.0.0.Alpha2.jar:7.0.0.Alpha2]
	at org.hibernate.exception.internal.StandardSQLExceptionConverter.convert(StandardSQLExceptionConverter.java:58) ~[hibernate-core-7.0.0.Alpha2.jar:7.0.0.Alpha2]
	at org.hibernate.engine.jdbc.spi.SqlExceptionHelper.convert(SqlExceptionHelper.java:108) ~[hibernate-core-7.0.0.Alpha2.jar:7.0.0.Alpha2]
	at org.hibernate.engine.jdbc.internal.ResultSetReturnImpl.execute(ResultSetReturnImpl.java:145) ~[hibernate-core-7.0.0.Alpha2.jar:7.0.0.Alpha2]
	at org.hibernate.id.insert.InsertReturningDelegate.executeAndExtractReturning(InsertReturningDelegate.java:96) ~[hibernate-core-7.0.0.Alpha2.jar:7.0.0.Alpha2]
	at org.hibernate.id.insert.AbstractReturningDelegate.performMutation(AbstractReturningDelegate.java:58) ~[hibernate-core-7.0.0.Alpha2.jar:7.0.0.Alpha2]
	at org.hibernate.engine.jdbc.mutation.internal.MutationExecutorSingleNonBatched.performNonBatchedOperations(MutationExecutorSingleNonBatched.java:47) ~[hibernate-core-7.0.0.Alpha2.jar:7.0.0.Alpha2]
	at org.hibernate.engine.jdbc.mutation.internal.AbstractMutationExecutor.execute(AbstractMutationExecutor.java:55) ~[hibernate-core-7.0.0.Alpha2.jar:7.0.0.Alpha2]
	at org.hibernate.persister.entity.mutation.InsertCoordinatorStandard.doStaticInserts(InsertCoordinatorStandard.java:194) ~[hibernate-core-7.0.0.Alpha2.jar:7.0.0.Alpha2]
	at org.hibernate.persister.entity.mutation.InsertCoordinatorStandard.coordinateInsert(InsertCoordinatorStandard.java:132) ~[hibernate-core-7.0.0.Alpha2.jar:7.0.0.Alpha2]
	at org.hibernate.persister.entity.mutation.InsertCoordinatorStandard.insert(InsertCoordinatorStandard.java:95) ~[hibernate-core-7.0.0.Alpha2.jar:7.0.0.Alpha2]
	at org.hibernate.action.internal.EntityIdentityInsertAction.execute(EntityIdentityInsertAction.java:85) ~[hibernate-core-7.0.0.Alpha2.jar:7.0.0.Alpha2]
	at org.hibernate.engine.spi.ActionQueue.execute(ActionQueue.java:670) ~[hibernate-core-7.0.0.Alpha2.jar:7.0.0.Alpha2]
	at org.hibernate.engine.spi.ActionQueue.addResolvedEntityInsertAction(ActionQueue.java:291) ~[hibernate-core-7.0.0.Alpha2.jar:7.0.0.Alpha2]
	at org.hibernate.engine.spi.ActionQueue.addInsertAction(ActionQueue.java:272) ~[hibernate-core-7.0.0.Alpha2.jar:7.0.0.Alpha2]
	at org.hibernate.engine.spi.ActionQueue.addAction(ActionQueue.java:322) ~[hibernate-core-7.0.0.Alpha2.jar:7.0.0.Alpha2]
	at org.hibernate.event.internal.AbstractSaveEventListener.addInsertAction(AbstractSaveEventListener.java:388) ~[hibernate-core-7.0.0.Alpha2.jar:7.0.0.Alpha2]
	at org.hibernate.event.internal.AbstractSaveEventListener.performSaveOrReplicate(AbstractSaveEventListener.java:302) ~[hibernate-core-7.0.0.Alpha2.jar:7.0.0.Alpha2]
	at org.hibernate.event.internal.AbstractSaveEventListener.performSave(AbstractSaveEventListener.java:221) ~[hibernate-core-7.0.0.Alpha2.jar:7.0.0.Alpha2]
	at org.hibernate.event.internal.AbstractSaveEventListener.saveWithGeneratedId(AbstractSaveEventListener.java:135) ~[hibernate-core-7.0.0.Alpha2.jar:7.0.0.Alpha2]
	at org.hibernate.event.internal.DefaultPersistEventListener.entityIsTransient(DefaultPersistEventListener.java:175) ~[hibernate-core-7.0.0.Alpha2.jar:7.0.0.Alpha2]
	at org.hibernate.event.internal.DefaultPersistEventListener.persist(DefaultPersistEventListener.java:93) ~[hibernate-core-7.0.0.Alpha2.jar:7.0.0.Alpha2]
	at org.hibernate.event.internal.DefaultPersistEventListener.onPersist(DefaultPersistEventListener.java:77) ~[hibernate-core-7.0.0.Alpha2.jar:7.0.0.Alpha2]
	at org.hibernate.event.internal.DefaultPersistEventListener.onPersist(DefaultPersistEventListener.java:54) ~[hibernate-core-7.0.0.Alpha2.jar:7.0.0.Alpha2]
	at org.hibernate.event.service.internal.EventListenerGroupImpl.fireEventOnEachListener(EventListenerGroupImpl.java:127) ~[hibernate-core-7.0.0.Alpha2.jar:7.0.0.Alpha2]
	at org.hibernate.internal.SessionImpl.firePersist(SessionImpl.java:774) ~[hibernate-core-7.0.0.Alpha2.jar:7.0.0.Alpha2]
	at org.hibernate.internal.SessionImpl.persist(SessionImpl.java:758) ~[hibernate-core-7.0.0.Alpha2.jar:7.0.0.Alpha2]
	at org.example.dao.UserDaoImpl.registerUser(UserDaoImpl.java:22) [classes/:?]
	at org.example.service.UserServiceImpl.registerUser(UserServiceImpl.java:30) [classes/:?]
	at org.example.controller.UserController.registerUser(UserController.java:21) [classes/:?]
	at org.example.view.Menu.registerUser(Menu.java:183) [classes/:?]
	at org.example.view.Menu.displayMainMenu(Menu.java:95) [classes/:?]
	at org.example.Main.main(Main.java:57) [classes/:?]
Caused by: org.postgresql.util.PSQLException: ERROR: column "user_type" of relation "users" does not exist
  Position: 60
	at org.postgresql.core.v3.QueryExecutorImpl.receiveErrorResponse(QueryExecutorImpl.java:2733) ~[postgresql-42.7.4.jar:42.7.4]
	at org.postgresql.core.v3.QueryExecutorImpl.processResults(QueryExecutorImpl.java:2420) ~[postgresql-42.7.4.jar:42.7.4]
	at org.postgresql.core.v3.QueryExecutorImpl.execute(QueryExecutorImpl.java:372) ~[postgresql-42.7.4.jar:42.7.4]
	at org.postgresql.jdbc.PgStatement.executeInternal(PgStatement.java:517) ~[postgresql-42.7.4.jar:42.7.4]
	at org.postgresql.jdbc.PgStatement.execute(PgStatement.java:434) ~[postgresql-42.7.4.jar:42.7.4]
	at org.postgresql.jdbc.PgPreparedStatement.executeWithFlags(PgPreparedStatement.java:194) ~[postgresql-42.7.4.jar:42.7.4]
	at org.postgresql.jdbc.PgPreparedStatement.execute(PgPreparedStatement.java:180) ~[postgresql-42.7.4.jar:42.7.4]
	at com.zaxxer.hikari.pool.ProxyPreparedStatement.execute(ProxyPreparedStatement.java:44) ~[HikariCP-6.3.0.jar:?]
	at com.zaxxer.hikari.pool.HikariProxyPreparedStatement.execute(HikariProxyPreparedStatement.java) ~[HikariCP-6.3.0.jar:?]
	at org.hibernate.engine.jdbc.internal.ResultSetReturnImpl.execute(ResultSetReturnImpl.java:129) ~[hibernate-core-7.0.0.Alpha2.jar:7.0.0.Alpha2]
	... 29 more
2025-04-14 15:00:07 ERROR SqlExceptionHelper - ERROR: column "user_type" of relation "users" does not exist
  Position: 60
2025-04-14 15:00:07 ERROR UserDaoImpl - Error while registering user: could not execute statement [ERROR: column "user_type" of relation "users" does not exist
  Position: 60] [insert into users (email,is_active,name,password,user_role,user_type) values (?,?,?,?,?,'User') returning user_id]
org.hibernate.exception.SQLGrammarException: could not execute statement [ERROR: column "user_type" of relation "users" does not exist
  Position: 60] [insert into users (email,is_active,name,password,user_role,user_type) values (?,?,?,?,?,'User') returning user_id]
	at org.hibernate.exception.internal.SQLStateConversionDelegate.convert(SQLStateConversionDelegate.java:91) ~[hibernate-core-7.0.0.Alpha2.jar:7.0.0.Alpha2]
	at org.hibernate.exception.internal.StandardSQLExceptionConverter.convert(StandardSQLExceptionConverter.java:58) ~[hibernate-core-7.0.0.Alpha2.jar:7.0.0.Alpha2]
	at org.hibernate.engine.jdbc.spi.SqlExceptionHelper.convert(SqlExceptionHelper.java:108) ~[hibernate-core-7.0.0.Alpha2.jar:7.0.0.Alpha2]
	at org.hibernate.engine.jdbc.internal.ResultSetReturnImpl.execute(ResultSetReturnImpl.java:145) ~[hibernate-core-7.0.0.Alpha2.jar:7.0.0.Alpha2]
	at org.hibernate.id.insert.InsertReturningDelegate.executeAndExtractReturning(InsertReturningDelegate.java:96) ~[hibernate-core-7.0.0.Alpha2.jar:7.0.0.Alpha2]
	at org.hibernate.id.insert.AbstractReturningDelegate.performMutation(AbstractReturningDelegate.java:58) ~[hibernate-core-7.0.0.Alpha2.jar:7.0.0.Alpha2]
	at org.hibernate.engine.jdbc.mutation.internal.MutationExecutorSingleNonBatched.performNonBatchedOperations(MutationExecutorSingleNonBatched.java:47) ~[hibernate-core-7.0.0.Alpha2.jar:7.0.0.Alpha2]
	at org.hibernate.engine.jdbc.mutation.internal.AbstractMutationExecutor.execute(AbstractMutationExecutor.java:55) ~[hibernate-core-7.0.0.Alpha2.jar:7.0.0.Alpha2]
	at org.hibernate.persister.entity.mutation.InsertCoordinatorStandard.doStaticInserts(InsertCoordinatorStandard.java:194) ~[hibernate-core-7.0.0.Alpha2.jar:7.0.0.Alpha2]
	at org.hibernate.persister.entity.mutation.InsertCoordinatorStandard.coordinateInsert(InsertCoordinatorStandard.java:132) ~[hibernate-core-7.0.0.Alpha2.jar:7.0.0.Alpha2]
	at org.hibernate.persister.entity.mutation.InsertCoordinatorStandard.insert(InsertCoordinatorStandard.java:95) ~[hibernate-core-7.0.0.Alpha2.jar:7.0.0.Alpha2]
	at org.hibernate.action.internal.EntityIdentityInsertAction.execute(EntityIdentityInsertAction.java:85) ~[hibernate-core-7.0.0.Alpha2.jar:7.0.0.Alpha2]
	at org.hibernate.engine.spi.ActionQueue.execute(ActionQueue.java:670) ~[hibernate-core-7.0.0.Alpha2.jar:7.0.0.Alpha2]
	at org.hibernate.engine.spi.ActionQueue.addResolvedEntityInsertAction(ActionQueue.java:291) ~[hibernate-core-7.0.0.Alpha2.jar:7.0.0.Alpha2]
	at org.hibernate.engine.spi.ActionQueue.addInsertAction(ActionQueue.java:272) ~[hibernate-core-7.0.0.Alpha2.jar:7.0.0.Alpha2]
	at org.hibernate.engine.spi.ActionQueue.addAction(ActionQueue.java:322) ~[hibernate-core-7.0.0.Alpha2.jar:7.0.0.Alpha2]
	at org.hibernate.event.internal.AbstractSaveEventListener.addInsertAction(AbstractSaveEventListener.java:388) ~[hibernate-core-7.0.0.Alpha2.jar:7.0.0.Alpha2]
	at org.hibernate.event.internal.AbstractSaveEventListener.performSaveOrReplicate(AbstractSaveEventListener.java:302) ~[hibernate-core-7.0.0.Alpha2.jar:7.0.0.Alpha2]
	at org.hibernate.event.internal.AbstractSaveEventListener.performSave(AbstractSaveEventListener.java:221) ~[hibernate-core-7.0.0.Alpha2.jar:7.0.0.Alpha2]
	at org.hibernate.event.internal.AbstractSaveEventListener.saveWithGeneratedId(AbstractSaveEventListener.java:135) ~[hibernate-core-7.0.0.Alpha2.jar:7.0.0.Alpha2]
	at org.hibernate.event.internal.DefaultPersistEventListener.entityIsTransient(DefaultPersistEventListener.java:175) ~[hibernate-core-7.0.0.Alpha2.jar:7.0.0.Alpha2]
	at org.hibernate.event.internal.DefaultPersistEventListener.persist(DefaultPersistEventListener.java:93) ~[hibernate-core-7.0.0.Alpha2.jar:7.0.0.Alpha2]
	at org.hibernate.event.internal.DefaultPersistEventListener.onPersist(DefaultPersistEventListener.java:77) ~[hibernate-core-7.0.0.Alpha2.jar:7.0.0.Alpha2]
	at org.hibernate.event.internal.DefaultPersistEventListener.onPersist(DefaultPersistEventListener.java:54) ~[hibernate-core-7.0.0.Alpha2.jar:7.0.0.Alpha2]
	at org.hibernate.event.service.internal.EventListenerGroupImpl.fireEventOnEachListener(EventListenerGroupImpl.java:127) ~[hibernate-core-7.0.0.Alpha2.jar:7.0.0.Alpha2]
	at org.hibernate.internal.SessionImpl.firePersist(SessionImpl.java:774) ~[hibernate-core-7.0.0.Alpha2.jar:7.0.0.Alpha2]
	at org.hibernate.internal.SessionImpl.persist(SessionImpl.java:758) ~[hibernate-core-7.0.0.Alpha2.jar:7.0.0.Alpha2]
	at org.example.dao.UserDaoImpl.registerUser(UserDaoImpl.java:22) [classes/:?]
	at org.example.service.UserServiceImpl.registerUser(UserServiceImpl.java:30) [classes/:?]
	at org.example.controller.UserController.registerUser(UserController.java:21) [classes/:?]
	at org.example.view.Menu.registerUser(Menu.java:183) [classes/:?]
	at org.example.view.Menu.displayMainMenu(Menu.java:95) [classes/:?]
	at org.example.Main.main(Main.java:57) [classes/:?]
Caused by: org.postgresql.util.PSQLException: ERROR: column "user_type" of relation "users" does not exist
  Position: 60
	at org.postgresql.core.v3.QueryExecutorImpl.receiveErrorResponse(QueryExecutorImpl.java:2733) ~[postgresql-42.7.4.jar:42.7.4]
	at org.postgresql.core.v3.QueryExecutorImpl.processResults(QueryExecutorImpl.java:2420) ~[postgresql-42.7.4.jar:42.7.4]
	at org.postgresql.core.v3.QueryExecutorImpl.execute(QueryExecutorImpl.java:372) ~[postgresql-42.7.4.jar:42.7.4]
	at org.postgresql.jdbc.PgStatement.executeInternal(PgStatement.java:517) ~[postgresql-42.7.4.jar:42.7.4]
	at org.postgresql.jdbc.PgStatement.execute(PgStatement.java:434) ~[postgresql-42.7.4.jar:42.7.4]
	at org.postgresql.jdbc.PgPreparedStatement.executeWithFlags(PgPreparedStatement.java:194) ~[postgresql-42.7.4.jar:42.7.4]
	at org.postgresql.jdbc.PgPreparedStatement.execute(PgPreparedStatement.java:180) ~[postgresql-42.7.4.jar:42.7.4]
	at com.zaxxer.hikari.pool.ProxyPreparedStatement.execute(ProxyPreparedStatement.java:44) ~[HikariCP-6.3.0.jar:?]
	at com.zaxxer.hikari.pool.HikariProxyPreparedStatement.execute(HikariProxyPreparedStatement.java) ~[HikariCP-6.3.0.jar:?]
	at org.hibernate.engine.jdbc.internal.ResultSetReturnImpl.execute(ResultSetReturnImpl.java:129) ~[hibernate-core-7.0.0.Alpha2.jar:7.0.0.Alpha2]
	... 29 more
2025-04-14 15:09:33 ERROR SqlExceptionHelper - ERROR: column "user_type" of relation "users" does not exist
  Position: 60
2025-04-14 15:09:33 ERROR UserDaoImpl - Error while registering user: could not execute statement [ERROR: column "user_type" of relation "users" does not exist
  Position: 60] [insert into users (email,is_active,name,password,user_role,user_type) values (?,?,?,?,?,'User') returning user_id]
org.hibernate.exception.SQLGrammarException: could not execute statement [ERROR: column "user_type" of relation "users" does not exist
  Position: 60] [insert into users (email,is_active,name,password,user_role,user_type) values (?,?,?,?,?,'User') returning user_id]
	at org.hibernate.exception.internal.SQLStateConversionDelegate.convert(SQLStateConversionDelegate.java:91) ~[hibernate-core-7.0.0.Alpha2.jar:7.0.0.Alpha2]
	at org.hibernate.exception.internal.StandardSQLExceptionConverter.convert(StandardSQLExceptionConverter.java:58) ~[hibernate-core-7.0.0.Alpha2.jar:7.0.0.Alpha2]
	at org.hibernate.engine.jdbc.spi.SqlExceptionHelper.convert(SqlExceptionHelper.java:108) ~[hibernate-core-7.0.0.Alpha2.jar:7.0.0.Alpha2]
	at org.hibernate.engine.jdbc.internal.ResultSetReturnImpl.execute(ResultSetReturnImpl.java:145) ~[hibernate-core-7.0.0.Alpha2.jar:7.0.0.Alpha2]
	at org.hibernate.id.insert.InsertReturningDelegate.executeAndExtractReturning(InsertReturningDelegate.java:96) ~[hibernate-core-7.0.0.Alpha2.jar:7.0.0.Alpha2]
	at org.hibernate.id.insert.AbstractReturningDelegate.performMutation(AbstractReturningDelegate.java:58) ~[hibernate-core-7.0.0.Alpha2.jar:7.0.0.Alpha2]
	at org.hibernate.engine.jdbc.mutation.internal.MutationExecutorSingleNonBatched.performNonBatchedOperations(MutationExecutorSingleNonBatched.java:47) ~[hibernate-core-7.0.0.Alpha2.jar:7.0.0.Alpha2]
	at org.hibernate.engine.jdbc.mutation.internal.AbstractMutationExecutor.execute(AbstractMutationExecutor.java:55) ~[hibernate-core-7.0.0.Alpha2.jar:7.0.0.Alpha2]
	at org.hibernate.persister.entity.mutation.InsertCoordinatorStandard.doStaticInserts(InsertCoordinatorStandard.java:194) ~[hibernate-core-7.0.0.Alpha2.jar:7.0.0.Alpha2]
	at org.hibernate.persister.entity.mutation.InsertCoordinatorStandard.coordinateInsert(InsertCoordinatorStandard.java:132) ~[hibernate-core-7.0.0.Alpha2.jar:7.0.0.Alpha2]
	at org.hibernate.persister.entity.mutation.InsertCoordinatorStandard.insert(InsertCoordinatorStandard.java:95) ~[hibernate-core-7.0.0.Alpha2.jar:7.0.0.Alpha2]
	at org.hibernate.action.internal.EntityIdentityInsertAction.execute(EntityIdentityInsertAction.java:85) ~[hibernate-core-7.0.0.Alpha2.jar:7.0.0.Alpha2]
	at org.hibernate.engine.spi.ActionQueue.execute(ActionQueue.java:670) ~[hibernate-core-7.0.0.Alpha2.jar:7.0.0.Alpha2]
	at org.hibernate.engine.spi.ActionQueue.addResolvedEntityInsertAction(ActionQueue.java:291) ~[hibernate-core-7.0.0.Alpha2.jar:7.0.0.Alpha2]
	at org.hibernate.engine.spi.ActionQueue.addInsertAction(ActionQueue.java:272) ~[hibernate-core-7.0.0.Alpha2.jar:7.0.0.Alpha2]
	at org.hibernate.engine.spi.ActionQueue.addAction(ActionQueue.java:322) ~[hibernate-core-7.0.0.Alpha2.jar:7.0.0.Alpha2]
	at org.hibernate.event.internal.AbstractSaveEventListener.addInsertAction(AbstractSaveEventListener.java:388) ~[hibernate-core-7.0.0.Alpha2.jar:7.0.0.Alpha2]
	at org.hibernate.event.internal.AbstractSaveEventListener.performSaveOrReplicate(AbstractSaveEventListener.java:302) ~[hibernate-core-7.0.0.Alpha2.jar:7.0.0.Alpha2]
	at org.hibernate.event.internal.AbstractSaveEventListener.performSave(AbstractSaveEventListener.java:221) ~[hibernate-core-7.0.0.Alpha2.jar:7.0.0.Alpha2]
	at org.hibernate.event.internal.AbstractSaveEventListener.saveWithGeneratedId(AbstractSaveEventListener.java:135) ~[hibernate-core-7.0.0.Alpha2.jar:7.0.0.Alpha2]
	at org.hibernate.event.internal.DefaultPersistEventListener.entityIsTransient(DefaultPersistEventListener.java:175) ~[hibernate-core-7.0.0.Alpha2.jar:7.0.0.Alpha2]
	at org.hibernate.event.internal.DefaultPersistEventListener.persist(DefaultPersistEventListener.java:93) ~[hibernate-core-7.0.0.Alpha2.jar:7.0.0.Alpha2]
	at org.hibernate.event.internal.DefaultPersistEventListener.onPersist(DefaultPersistEventListener.java:77) ~[hibernate-core-7.0.0.Alpha2.jar:7.0.0.Alpha2]
	at org.hibernate.event.internal.DefaultPersistEventListener.onPersist(DefaultPersistEventListener.java:54) ~[hibernate-core-7.0.0.Alpha2.jar:7.0.0.Alpha2]
	at org.hibernate.event.service.internal.EventListenerGroupImpl.fireEventOnEachListener(EventListenerGroupImpl.java:127) ~[hibernate-core-7.0.0.Alpha2.jar:7.0.0.Alpha2]
	at org.hibernate.internal.SessionImpl.firePersist(SessionImpl.java:774) ~[hibernate-core-7.0.0.Alpha2.jar:7.0.0.Alpha2]
	at org.hibernate.internal.SessionImpl.persist(SessionImpl.java:758) ~[hibernate-core-7.0.0.Alpha2.jar:7.0.0.Alpha2]
	at org.example.dao.UserDaoImpl.registerUser(UserDaoImpl.java:22) [classes/:?]
	at org.example.service.UserServiceImpl.registerUser(UserServiceImpl.java:37) [classes/:?]
	at org.example.controller.UserController.registerUser(UserController.java:21) [classes/:?]
	at org.example.view.Menu.registerUser(Menu.java:183) [classes/:?]
	at org.example.view.Menu.displayMainMenu(Menu.java:95) [classes/:?]
	at org.example.Main.main(Main.java:57) [classes/:?]
Caused by: org.postgresql.util.PSQLException: ERROR: column "user_type" of relation "users" does not exist
  Position: 60
	at org.postgresql.core.v3.QueryExecutorImpl.receiveErrorResponse(QueryExecutorImpl.java:2733) ~[postgresql-42.7.4.jar:42.7.4]
	at org.postgresql.core.v3.QueryExecutorImpl.processResults(QueryExecutorImpl.java:2420) ~[postgresql-42.7.4.jar:42.7.4]
	at org.postgresql.core.v3.QueryExecutorImpl.execute(QueryExecutorImpl.java:372) ~[postgresql-42.7.4.jar:42.7.4]
	at org.postgresql.jdbc.PgStatement.executeInternal(PgStatement.java:517) ~[postgresql-42.7.4.jar:42.7.4]
	at org.postgresql.jdbc.PgStatement.execute(PgStatement.java:434) ~[postgresql-42.7.4.jar:42.7.4]
	at org.postgresql.jdbc.PgPreparedStatement.executeWithFlags(PgPreparedStatement.java:194) ~[postgresql-42.7.4.jar:42.7.4]
	at org.postgresql.jdbc.PgPreparedStatement.execute(PgPreparedStatement.java:180) ~[postgresql-42.7.4.jar:42.7.4]
	at com.zaxxer.hikari.pool.ProxyPreparedStatement.execute(ProxyPreparedStatement.java:44) ~[HikariCP-6.3.0.jar:?]
	at com.zaxxer.hikari.pool.HikariProxyPreparedStatement.execute(HikariProxyPreparedStatement.java) ~[HikariCP-6.3.0.jar:?]
	at org.hibernate.engine.jdbc.internal.ResultSetReturnImpl.execute(ResultSetReturnImpl.java:129) ~[hibernate-core-7.0.0.Alpha2.jar:7.0.0.Alpha2]
	... 29 more
2025-04-14 15:09:51 ERROR UserDaoImpl - Error fetching user by email ram@gmail.com: No result found for query [FROM User WHERE email = :email]
jakarta.persistence.NoResultException: No result found for query [FROM User WHERE email = :email]
	at org.hibernate.query.spi.AbstractSelectionQuery.getSingleResult(AbstractSelectionQuery.java:558) ~[hibernate-core-7.0.0.Alpha2.jar:7.0.0.Alpha2]
	at org.example.dao.UserDaoImpl.getUserByEmailId(UserDaoImpl.java:87) [classes/:?]
	at org.example.service.UserServiceImpl.authenticateUser(UserServiceImpl.java:63) [classes/:?]
	at org.example.controller.UserController.authenticateUser(UserController.java:38) [classes/:?]
	at org.example.view.Menu.loginUser(Menu.java:202) [classes/:?]
	at org.example.view.Menu.displayMainMenu(Menu.java:96) [classes/:?]
	at org.example.Main.main(Main.java:57) [classes/:?]
2025-04-14 15:11:41 ERROR UserDaoImpl - Error fetching user by email ram@gmail.com: No result found for query [FROM User WHERE email = :email]
jakarta.persistence.NoResultException: No result found for query [FROM User WHERE email = :email]
	at org.hibernate.query.spi.AbstractSelectionQuery.getSingleResult(AbstractSelectionQuery.java:558) ~[hibernate-core-7.0.0.Alpha2.jar:7.0.0.Alpha2]
	at org.example.dao.UserDaoImpl.getUserByEmailId(UserDaoImpl.java:87) [classes/:?]
	at org.example.service.UserServiceImpl.authenticateUser(UserServiceImpl.java:63) [classes/:?]
	at org.example.controller.UserController.authenticateUser(UserController.java:38) [classes/:?]
	at org.example.view.Menu.loginUser(Menu.java:202) [classes/:?]
	at org.example.view.Menu.displayMainMenu(Menu.java:96) [classes/:?]
	at org.example.Main.main(Main.java:57) [classes/:?]
2025-04-14 15:15:20 ERROR UserDaoImpl - Error fetching user by email ram@gmail.com: No result found for query [SELECT u FROM User u WHERE u.email = :email]
jakarta.persistence.NoResultException: No result found for query [SELECT u FROM User u WHERE u.email = :email]
	at org.hibernate.query.spi.AbstractSelectionQuery.getSingleResult(AbstractSelectionQuery.java:558) ~[hibernate-core-7.0.0.Alpha2.jar:7.0.0.Alpha2]
	at org.example.dao.UserDaoImpl.getUserByEmailId(UserDaoImpl.java:87) [classes/:?]
	at org.example.service.UserServiceImpl.authenticateUser(UserServiceImpl.java:63) [classes/:?]
	at org.example.controller.UserController.authenticateUser(UserController.java:38) [classes/:?]
	at org.example.view.Menu.loginUser(Menu.java:202) [classes/:?]
	at org.example.view.Menu.displayMainMenu(Menu.java:96) [classes/:?]
	at org.example.Main.main(Main.java:57) [classes/:?]
2025-04-14 15:24:15 ERROR UserDaoImpl - Error fetching user by email ram@gmail.com: No result found for query [SELECT u FROM User u WHERE u.email = :email]
jakarta.persistence.NoResultException: No result found for query [SELECT u FROM User u WHERE u.email = :email]
	at org.hibernate.query.spi.AbstractSelectionQuery.getSingleResult(AbstractSelectionQuery.java:558) ~[hibernate-core-7.0.0.Alpha2.jar:7.0.0.Alpha2]
	at org.example.dao.UserDaoImpl.getUserByEmailId(UserDaoImpl.java:87) [classes/:?]
	at org.example.service.UserServiceImpl.authenticateUser(UserServiceImpl.java:63) [classes/:?]
	at org.example.controller.UserController.authenticateUser(UserController.java:38) [classes/:?]
	at org.example.view.Menu.loginUser(Menu.java:202) [classes/:?]
	at org.example.view.Menu.displayMainMenu(Menu.java:96) [classes/:?]
	at org.example.Main.main(Main.java:57) [classes/:?]
2025-04-14 15:24:43 ERROR UserDaoImpl - Error fetching user by email ram@gmail.com: No result found for query [SELECT u FROM User u WHERE u.email = :email]
jakarta.persistence.NoResultException: No result found for query [SELECT u FROM User u WHERE u.email = :email]
	at org.hibernate.query.spi.AbstractSelectionQuery.getSingleResult(AbstractSelectionQuery.java:558) ~[hibernate-core-7.0.0.Alpha2.jar:7.0.0.Alpha2]
	at org.example.dao.UserDaoImpl.getUserByEmailId(UserDaoImpl.java:87) [classes/:?]
	at org.example.service.UserServiceImpl.authenticateUser(UserServiceImpl.java:63) [classes/:?]
	at org.example.controller.UserController.authenticateUser(UserController.java:38) [classes/:?]
	at org.example.view.Menu.loginUser(Menu.java:202) [classes/:?]
	at org.example.view.Menu.displayMainMenu(Menu.java:96) [classes/:?]
	at org.example.Main.main(Main.java:57) [classes/:?]
2025-04-14 15:32:25 ERROR SqlExceptionHelper - ERROR: column "user_type" of relation "users" does not exist
  Position: 60
2025-04-14 15:33:07 ERROR UserDaoImpl - Error while registering user: could not execute statement [ERROR: column "user_type" of relation "users" does not exist
  Position: 60] [insert into users (email,is_active,name,password,user_role,user_type) values (?,?,?,?,?,'User') returning user_id]
org.hibernate.exception.SQLGrammarException: could not execute statement [ERROR: column "user_type" of relation "users" does not exist
  Position: 60] [insert into users (email,is_active,name,password,user_role,user_type) values (?,?,?,?,?,'User') returning user_id]
	at org.hibernate.exception.internal.SQLStateConversionDelegate.convert(SQLStateConversionDelegate.java:91) ~[hibernate-core-7.0.0.Alpha2.jar:7.0.0.Alpha2]
	at org.hibernate.exception.internal.StandardSQLExceptionConverter.convert(StandardSQLExceptionConverter.java:58) ~[hibernate-core-7.0.0.Alpha2.jar:7.0.0.Alpha2]
	at org.hibernate.engine.jdbc.spi.SqlExceptionHelper.convert(SqlExceptionHelper.java:108) ~[hibernate-core-7.0.0.Alpha2.jar:7.0.0.Alpha2]
	at org.hibernate.engine.jdbc.internal.ResultSetReturnImpl.execute(ResultSetReturnImpl.java:145) ~[hibernate-core-7.0.0.Alpha2.jar:7.0.0.Alpha2]
	at org.hibernate.id.insert.InsertReturningDelegate.executeAndExtractReturning(InsertReturningDelegate.java:96) ~[hibernate-core-7.0.0.Alpha2.jar:7.0.0.Alpha2]
	at org.hibernate.id.insert.AbstractReturningDelegate.performMutation(AbstractReturningDelegate.java:58) ~[hibernate-core-7.0.0.Alpha2.jar:7.0.0.Alpha2]
	at org.hibernate.engine.jdbc.mutation.internal.MutationExecutorSingleNonBatched.performNonBatchedOperations(MutationExecutorSingleNonBatched.java:47) ~[hibernate-core-7.0.0.Alpha2.jar:7.0.0.Alpha2]
	at org.hibernate.engine.jdbc.mutation.internal.AbstractMutationExecutor.execute(AbstractMutationExecutor.java:55) ~[hibernate-core-7.0.0.Alpha2.jar:7.0.0.Alpha2]
	at org.hibernate.persister.entity.mutation.InsertCoordinatorStandard.doStaticInserts(InsertCoordinatorStandard.java:194) ~[hibernate-core-7.0.0.Alpha2.jar:7.0.0.Alpha2]
	at org.hibernate.persister.entity.mutation.InsertCoordinatorStandard.coordinateInsert(InsertCoordinatorStandard.java:132) ~[hibernate-core-7.0.0.Alpha2.jar:7.0.0.Alpha2]
	at org.hibernate.persister.entity.mutation.InsertCoordinatorStandard.insert(InsertCoordinatorStandard.java:95) ~[hibernate-core-7.0.0.Alpha2.jar:7.0.0.Alpha2]
	at org.hibernate.action.internal.EntityIdentityInsertAction.execute(EntityIdentityInsertAction.java:85) ~[hibernate-core-7.0.0.Alpha2.jar:7.0.0.Alpha2]
	at org.hibernate.engine.spi.ActionQueue.execute(ActionQueue.java:670) ~[hibernate-core-7.0.0.Alpha2.jar:7.0.0.Alpha2]
	at org.hibernate.engine.spi.ActionQueue.addResolvedEntityInsertAction(ActionQueue.java:291) ~[hibernate-core-7.0.0.Alpha2.jar:7.0.0.Alpha2]
	at org.hibernate.engine.spi.ActionQueue.addInsertAction(ActionQueue.java:272) ~[hibernate-core-7.0.0.Alpha2.jar:7.0.0.Alpha2]
	at org.hibernate.engine.spi.ActionQueue.addAction(ActionQueue.java:322) ~[hibernate-core-7.0.0.Alpha2.jar:7.0.0.Alpha2]
	at org.hibernate.event.internal.AbstractSaveEventListener.addInsertAction(AbstractSaveEventListener.java:388) ~[hibernate-core-7.0.0.Alpha2.jar:7.0.0.Alpha2]
	at org.hibernate.event.internal.AbstractSaveEventListener.performSaveOrReplicate(AbstractSaveEventListener.java:302) ~[hibernate-core-7.0.0.Alpha2.jar:7.0.0.Alpha2]
	at org.hibernate.event.internal.AbstractSaveEventListener.performSave(AbstractSaveEventListener.java:221) ~[hibernate-core-7.0.0.Alpha2.jar:7.0.0.Alpha2]
	at org.hibernate.event.internal.AbstractSaveEventListener.saveWithGeneratedId(AbstractSaveEventListener.java:135) ~[hibernate-core-7.0.0.Alpha2.jar:7.0.0.Alpha2]
	at org.hibernate.event.internal.DefaultPersistEventListener.entityIsTransient(DefaultPersistEventListener.java:175) ~[hibernate-core-7.0.0.Alpha2.jar:7.0.0.Alpha2]
	at org.hibernate.event.internal.DefaultPersistEventListener.persist(DefaultPersistEventListener.java:93) ~[hibernate-core-7.0.0.Alpha2.jar:7.0.0.Alpha2]
	at org.hibernate.event.internal.DefaultPersistEventListener.onPersist(DefaultPersistEventListener.java:77) ~[hibernate-core-7.0.0.Alpha2.jar:7.0.0.Alpha2]
	at org.hibernate.event.internal.DefaultPersistEventListener.onPersist(DefaultPersistEventListener.java:54) ~[hibernate-core-7.0.0.Alpha2.jar:7.0.0.Alpha2]
	at org.hibernate.event.service.internal.EventListenerGroupImpl.fireEventOnEachListener(EventListenerGroupImpl.java:127) ~[hibernate-core-7.0.0.Alpha2.jar:7.0.0.Alpha2]
	at org.hibernate.internal.SessionImpl.firePersist(SessionImpl.java:774) ~[hibernate-core-7.0.0.Alpha2.jar:7.0.0.Alpha2]
	at org.hibernate.internal.SessionImpl.persist(SessionImpl.java:758) ~[hibernate-core-7.0.0.Alpha2.jar:7.0.0.Alpha2]
	at org.example.dao.UserDaoImpl.registerUser(UserDaoImpl.java:22) [classes/:?]
	at org.example.service.UserServiceImpl.registerUser(UserServiceImpl.java:37) [classes/:?]
	at org.example.controller.UserController.registerUser(UserController.java:21) [classes/:?]
	at org.example.view.Menu.registerUser(Menu.java:183) [classes/:?]
	at org.example.view.Menu.displayMainMenu(Menu.java:95) [classes/:?]
	at org.example.Main.main(Main.java:57) [classes/:?]
Caused by: org.postgresql.util.PSQLException: ERROR: column "user_type" of relation "users" does not exist
  Position: 60
	at org.postgresql.core.v3.QueryExecutorImpl.receiveErrorResponse(QueryExecutorImpl.java:2733) ~[postgresql-42.7.4.jar:42.7.4]
	at org.postgresql.core.v3.QueryExecutorImpl.processResults(QueryExecutorImpl.java:2420) ~[postgresql-42.7.4.jar:42.7.4]
	at org.postgresql.core.v3.QueryExecutorImpl.execute(QueryExecutorImpl.java:372) ~[postgresql-42.7.4.jar:42.7.4]
	at org.postgresql.jdbc.PgStatement.executeInternal(PgStatement.java:517) ~[postgresql-42.7.4.jar:42.7.4]
	at org.postgresql.jdbc.PgStatement.execute(PgStatement.java:434) ~[postgresql-42.7.4.jar:42.7.4]
	at org.postgresql.jdbc.PgPreparedStatement.executeWithFlags(PgPreparedStatement.java:194) ~[postgresql-42.7.4.jar:42.7.4]
	at org.postgresql.jdbc.PgPreparedStatement.execute(PgPreparedStatement.java:180) ~[postgresql-42.7.4.jar:42.7.4]
	at com.zaxxer.hikari.pool.ProxyPreparedStatement.execute(ProxyPreparedStatement.java:44) ~[HikariCP-6.3.0.jar:?]
	at com.zaxxer.hikari.pool.HikariProxyPreparedStatement.execute(HikariProxyPreparedStatement.java) ~[HikariCP-6.3.0.jar:?]
	at org.hibernate.engine.jdbc.internal.ResultSetReturnImpl.execute(ResultSetReturnImpl.java:129) ~[hibernate-core-7.0.0.Alpha2.jar:7.0.0.Alpha2]
	... 29 more
2025-04-14 15:55:10 ERROR SqlExceptionHelper - ERROR: column "user_type" of relation "users" does not exist
  Position: 60
2025-04-14 16:02:49 ERROR UserDaoImpl - Error while registering user: could not execute statement [ERROR: column "user_type" of relation "users" does not exist
  Position: 60] [insert into users (email,is_active,name,password,user_role,user_type) values (?,?,?,?,?,'User') returning user_id]
org.hibernate.exception.SQLGrammarException: could not execute statement [ERROR: column "user_type" of relation "users" does not exist
  Position: 60] [insert into users (email,is_active,name,password,user_role,user_type) values (?,?,?,?,?,'User') returning user_id]
	at org.hibernate.exception.internal.SQLStateConversionDelegate.convert(SQLStateConversionDelegate.java:91) ~[hibernate-core-7.0.0.Alpha2.jar:7.0.0.Alpha2]
	at org.hibernate.exception.internal.StandardSQLExceptionConverter.convert(StandardSQLExceptionConverter.java:58) ~[hibernate-core-7.0.0.Alpha2.jar:7.0.0.Alpha2]
	at org.hibernate.engine.jdbc.spi.SqlExceptionHelper.convert(SqlExceptionHelper.java:108) ~[hibernate-core-7.0.0.Alpha2.jar:7.0.0.Alpha2]
	at org.hibernate.engine.jdbc.internal.ResultSetReturnImpl.execute(ResultSetReturnImpl.java:145) ~[hibernate-core-7.0.0.Alpha2.jar:7.0.0.Alpha2]
	at org.hibernate.id.insert.InsertReturningDelegate.executeAndExtractReturning(InsertReturningDelegate.java:96) ~[hibernate-core-7.0.0.Alpha2.jar:7.0.0.Alpha2]
	at org.hibernate.id.insert.AbstractReturningDelegate.performMutation(AbstractReturningDelegate.java:58) ~[hibernate-core-7.0.0.Alpha2.jar:7.0.0.Alpha2]
	at org.hibernate.engine.jdbc.mutation.internal.MutationExecutorSingleNonBatched.performNonBatchedOperations(MutationExecutorSingleNonBatched.java:47) ~[hibernate-core-7.0.0.Alpha2.jar:7.0.0.Alpha2]
	at org.hibernate.engine.jdbc.mutation.internal.AbstractMutationExecutor.execute(AbstractMutationExecutor.java:55) ~[hibernate-core-7.0.0.Alpha2.jar:7.0.0.Alpha2]
	at org.hibernate.persister.entity.mutation.InsertCoordinatorStandard.doStaticInserts(InsertCoordinatorStandard.java:194) ~[hibernate-core-7.0.0.Alpha2.jar:7.0.0.Alpha2]
	at org.hibernate.persister.entity.mutation.InsertCoordinatorStandard.coordinateInsert(InsertCoordinatorStandard.java:132) ~[hibernate-core-7.0.0.Alpha2.jar:7.0.0.Alpha2]
	at org.hibernate.persister.entity.mutation.InsertCoordinatorStandard.insert(InsertCoordinatorStandard.java:95) ~[hibernate-core-7.0.0.Alpha2.jar:7.0.0.Alpha2]
	at org.hibernate.action.internal.EntityIdentityInsertAction.execute(EntityIdentityInsertAction.java:85) ~[hibernate-core-7.0.0.Alpha2.jar:7.0.0.Alpha2]
	at org.hibernate.engine.spi.ActionQueue.execute(ActionQueue.java:670) ~[hibernate-core-7.0.0.Alpha2.jar:7.0.0.Alpha2]
	at org.hibernate.engine.spi.ActionQueue.addResolvedEntityInsertAction(ActionQueue.java:291) ~[hibernate-core-7.0.0.Alpha2.jar:7.0.0.Alpha2]
	at org.hibernate.engine.spi.ActionQueue.addInsertAction(ActionQueue.java:272) ~[hibernate-core-7.0.0.Alpha2.jar:7.0.0.Alpha2]
	at org.hibernate.engine.spi.ActionQueue.addAction(ActionQueue.java:322) ~[hibernate-core-7.0.0.Alpha2.jar:7.0.0.Alpha2]
	at org.hibernate.event.internal.AbstractSaveEventListener.addInsertAction(AbstractSaveEventListener.java:388) ~[hibernate-core-7.0.0.Alpha2.jar:7.0.0.Alpha2]
	at org.hibernate.event.internal.AbstractSaveEventListener.performSaveOrReplicate(AbstractSaveEventListener.java:302) ~[hibernate-core-7.0.0.Alpha2.jar:7.0.0.Alpha2]
	at org.hibernate.event.internal.AbstractSaveEventListener.performSave(AbstractSaveEventListener.java:221) ~[hibernate-core-7.0.0.Alpha2.jar:7.0.0.Alpha2]
	at org.hibernate.event.internal.AbstractSaveEventListener.saveWithGeneratedId(AbstractSaveEventListener.java:135) ~[hibernate-core-7.0.0.Alpha2.jar:7.0.0.Alpha2]
	at org.hibernate.event.internal.DefaultPersistEventListener.entityIsTransient(DefaultPersistEventListener.java:175) ~[hibernate-core-7.0.0.Alpha2.jar:7.0.0.Alpha2]
	at org.hibernate.event.internal.DefaultPersistEventListener.persist(DefaultPersistEventListener.java:93) ~[hibernate-core-7.0.0.Alpha2.jar:7.0.0.Alpha2]
	at org.hibernate.event.internal.DefaultPersistEventListener.onPersist(DefaultPersistEventListener.java:77) ~[hibernate-core-7.0.0.Alpha2.jar:7.0.0.Alpha2]
	at org.hibernate.event.internal.DefaultPersistEventListener.onPersist(DefaultPersistEventListener.java:54) ~[hibernate-core-7.0.0.Alpha2.jar:7.0.0.Alpha2]
	at org.hibernate.event.service.internal.EventListenerGroupImpl.fireEventOnEachListener(EventListenerGroupImpl.java:127) ~[hibernate-core-7.0.0.Alpha2.jar:7.0.0.Alpha2]
	at org.hibernate.internal.SessionImpl.firePersist(SessionImpl.java:774) ~[hibernate-core-7.0.0.Alpha2.jar:7.0.0.Alpha2]
	at org.hibernate.internal.SessionImpl.persist(SessionImpl.java:758) ~[hibernate-core-7.0.0.Alpha2.jar:7.0.0.Alpha2]
	at org.example.dao.UserDaoImpl.registerUser(UserDaoImpl.java:22) [classes/:?]
	at org.example.service.UserServiceImpl.registerUser(UserServiceImpl.java:37) [classes/:?]
	at org.example.controller.UserController.registerUser(UserController.java:21) [classes/:?]
	at org.example.view.Menu.registerUser(Unknown Source) [classes/:?]
	at org.example.view.Menu.displayMainMenu(Unknown Source) [classes/:?]
	at org.example.Main.main(Main.java:57) [classes/:?]
Caused by: org.postgresql.util.PSQLException: ERROR: column "user_type" of relation "users" does not exist
  Position: 60
	at org.postgresql.core.v3.QueryExecutorImpl.receiveErrorResponse(QueryExecutorImpl.java:2733) ~[postgresql-42.7.4.jar:42.7.4]
	at org.postgresql.core.v3.QueryExecutorImpl.processResults(QueryExecutorImpl.java:2420) ~[postgresql-42.7.4.jar:42.7.4]
	at org.postgresql.core.v3.QueryExecutorImpl.execute(QueryExecutorImpl.java:372) ~[postgresql-42.7.4.jar:42.7.4]
	at org.postgresql.jdbc.PgStatement.executeInternal(PgStatement.java:517) ~[postgresql-42.7.4.jar:42.7.4]
	at org.postgresql.jdbc.PgStatement.execute(PgStatement.java:434) ~[postgresql-42.7.4.jar:42.7.4]
	at org.postgresql.jdbc.PgPreparedStatement.executeWithFlags(PgPreparedStatement.java:194) ~[postgresql-42.7.4.jar:42.7.4]
	at org.postgresql.jdbc.PgPreparedStatement.execute(PgPreparedStatement.java:180) ~[postgresql-42.7.4.jar:42.7.4]
	at com.zaxxer.hikari.pool.ProxyPreparedStatement.execute(ProxyPreparedStatement.java:44) ~[HikariCP-6.3.0.jar:?]
	at com.zaxxer.hikari.pool.HikariProxyPreparedStatement.execute(HikariProxyPreparedStatement.java) ~[HikariCP-6.3.0.jar:?]
	at org.hibernate.engine.jdbc.internal.ResultSetReturnImpl.execute(ResultSetReturnImpl.java:129) ~[hibernate-core-7.0.0.Alpha2.jar:7.0.0.Alpha2]
	... 29 more
2025-04-14 16:03:10 ERROR SqlExceptionHelper - ERROR: column "user_type" of relation "users" does not exist
  Position: 60
2025-04-14 16:03:11 ERROR UserDaoImpl - Error while registering user: could not execute statement [ERROR: column "user_type" of relation "users" does not exist
  Position: 60] [insert into users (email,is_active,name,password,user_role,user_type) values (?,?,?,?,?,'User') returning user_id]
org.hibernate.exception.SQLGrammarException: could not execute statement [ERROR: column "user_type" of relation "users" does not exist
  Position: 60] [insert into users (email,is_active,name,password,user_role,user_type) values (?,?,?,?,?,'User') returning user_id]
	at org.hibernate.exception.internal.SQLStateConversionDelegate.convert(SQLStateConversionDelegate.java:91) ~[hibernate-core-7.0.0.Alpha2.jar:7.0.0.Alpha2]
	at org.hibernate.exception.internal.StandardSQLExceptionConverter.convert(StandardSQLExceptionConverter.java:58) ~[hibernate-core-7.0.0.Alpha2.jar:7.0.0.Alpha2]
	at org.hibernate.engine.jdbc.spi.SqlExceptionHelper.convert(SqlExceptionHelper.java:108) ~[hibernate-core-7.0.0.Alpha2.jar:7.0.0.Alpha2]
	at org.hibernate.engine.jdbc.internal.ResultSetReturnImpl.execute(ResultSetReturnImpl.java:145) ~[hibernate-core-7.0.0.Alpha2.jar:7.0.0.Alpha2]
	at org.hibernate.id.insert.InsertReturningDelegate.executeAndExtractReturning(InsertReturningDelegate.java:96) ~[hibernate-core-7.0.0.Alpha2.jar:7.0.0.Alpha2]
	at org.hibernate.id.insert.AbstractReturningDelegate.performMutation(AbstractReturningDelegate.java:58) ~[hibernate-core-7.0.0.Alpha2.jar:7.0.0.Alpha2]
	at org.hibernate.engine.jdbc.mutation.internal.MutationExecutorSingleNonBatched.performNonBatchedOperations(MutationExecutorSingleNonBatched.java:47) ~[hibernate-core-7.0.0.Alpha2.jar:7.0.0.Alpha2]
	at org.hibernate.engine.jdbc.mutation.internal.AbstractMutationExecutor.execute(AbstractMutationExecutor.java:55) ~[hibernate-core-7.0.0.Alpha2.jar:7.0.0.Alpha2]
	at org.hibernate.persister.entity.mutation.InsertCoordinatorStandard.doStaticInserts(InsertCoordinatorStandard.java:194) ~[hibernate-core-7.0.0.Alpha2.jar:7.0.0.Alpha2]
	at org.hibernate.persister.entity.mutation.InsertCoordinatorStandard.coordinateInsert(InsertCoordinatorStandard.java:132) ~[hibernate-core-7.0.0.Alpha2.jar:7.0.0.Alpha2]
	at org.hibernate.persister.entity.mutation.InsertCoordinatorStandard.insert(InsertCoordinatorStandard.java:95) ~[hibernate-core-7.0.0.Alpha2.jar:7.0.0.Alpha2]
	at org.hibernate.action.internal.EntityIdentityInsertAction.execute(EntityIdentityInsertAction.java:85) ~[hibernate-core-7.0.0.Alpha2.jar:7.0.0.Alpha2]
	at org.hibernate.engine.spi.ActionQueue.execute(ActionQueue.java:670) ~[hibernate-core-7.0.0.Alpha2.jar:7.0.0.Alpha2]
	at org.hibernate.engine.spi.ActionQueue.addResolvedEntityInsertAction(ActionQueue.java:291) ~[hibernate-core-7.0.0.Alpha2.jar:7.0.0.Alpha2]
	at org.hibernate.engine.spi.ActionQueue.addInsertAction(ActionQueue.java:272) ~[hibernate-core-7.0.0.Alpha2.jar:7.0.0.Alpha2]
	at org.hibernate.engine.spi.ActionQueue.addAction(ActionQueue.java:322) ~[hibernate-core-7.0.0.Alpha2.jar:7.0.0.Alpha2]
	at org.hibernate.event.internal.AbstractSaveEventListener.addInsertAction(AbstractSaveEventListener.java:388) ~[hibernate-core-7.0.0.Alpha2.jar:7.0.0.Alpha2]
	at org.hibernate.event.internal.AbstractSaveEventListener.performSaveOrReplicate(AbstractSaveEventListener.java:302) ~[hibernate-core-7.0.0.Alpha2.jar:7.0.0.Alpha2]
	at org.hibernate.event.internal.AbstractSaveEventListener.performSave(AbstractSaveEventListener.java:221) ~[hibernate-core-7.0.0.Alpha2.jar:7.0.0.Alpha2]
	at org.hibernate.event.internal.AbstractSaveEventListener.saveWithGeneratedId(AbstractSaveEventListener.java:135) ~[hibernate-core-7.0.0.Alpha2.jar:7.0.0.Alpha2]
	at org.hibernate.event.internal.DefaultPersistEventListener.entityIsTransient(DefaultPersistEventListener.java:175) ~[hibernate-core-7.0.0.Alpha2.jar:7.0.0.Alpha2]
	at org.hibernate.event.internal.DefaultPersistEventListener.persist(DefaultPersistEventListener.java:93) ~[hibernate-core-7.0.0.Alpha2.jar:7.0.0.Alpha2]
	at org.hibernate.event.internal.DefaultPersistEventListener.onPersist(DefaultPersistEventListener.java:77) ~[hibernate-core-7.0.0.Alpha2.jar:7.0.0.Alpha2]
	at org.hibernate.event.internal.DefaultPersistEventListener.onPersist(DefaultPersistEventListener.java:54) ~[hibernate-core-7.0.0.Alpha2.jar:7.0.0.Alpha2]
	at org.hibernate.event.service.internal.EventListenerGroupImpl.fireEventOnEachListener(EventListenerGroupImpl.java:127) ~[hibernate-core-7.0.0.Alpha2.jar:7.0.0.Alpha2]
	at org.hibernate.internal.SessionImpl.firePersist(SessionImpl.java:774) ~[hibernate-core-7.0.0.Alpha2.jar:7.0.0.Alpha2]
	at org.hibernate.internal.SessionImpl.persist(SessionImpl.java:758) ~[hibernate-core-7.0.0.Alpha2.jar:7.0.0.Alpha2]
	at org.example.dao.UserDaoImpl.registerUser(UserDaoImpl.java:22) [classes/:?]
	at org.example.service.UserServiceImpl.registerUser(UserServiceImpl.java:37) [classes/:?]
	at org.example.controller.UserController.registerUser(UserController.java:21) [classes/:?]
	at org.example.view.Menu.registerUser(Menu.java:181) [classes/:?]
	at org.example.view.Menu.displayMainMenu(Unknown Source) [classes/:?]
	at org.example.Main.main(Main.java:57) [classes/:?]
Caused by: org.postgresql.util.PSQLException: ERROR: column "user_type" of relation "users" does not exist
  Position: 60
	at org.postgresql.core.v3.QueryExecutorImpl.receiveErrorResponse(QueryExecutorImpl.java:2733) ~[postgresql-42.7.4.jar:42.7.4]
	at org.postgresql.core.v3.QueryExecutorImpl.processResults(QueryExecutorImpl.java:2420) ~[postgresql-42.7.4.jar:42.7.4]
	at org.postgresql.core.v3.QueryExecutorImpl.execute(QueryExecutorImpl.java:372) ~[postgresql-42.7.4.jar:42.7.4]
	at org.postgresql.jdbc.PgStatement.executeInternal(PgStatement.java:517) ~[postgresql-42.7.4.jar:42.7.4]
	at org.postgresql.jdbc.PgStatement.execute(PgStatement.java:434) ~[postgresql-42.7.4.jar:42.7.4]
	at org.postgresql.jdbc.PgPreparedStatement.executeWithFlags(PgPreparedStatement.java:194) ~[postgresql-42.7.4.jar:42.7.4]
	at org.postgresql.jdbc.PgPreparedStatement.execute(PgPreparedStatement.java:180) ~[postgresql-42.7.4.jar:42.7.4]
	at com.zaxxer.hikari.pool.ProxyPreparedStatement.execute(ProxyPreparedStatement.java:44) ~[HikariCP-6.3.0.jar:?]
	at com.zaxxer.hikari.pool.HikariProxyPreparedStatement.execute(HikariProxyPreparedStatement.java) ~[HikariCP-6.3.0.jar:?]
	at org.hibernate.engine.jdbc.internal.ResultSetReturnImpl.execute(ResultSetReturnImpl.java:129) ~[hibernate-core-7.0.0.Alpha2.jar:7.0.0.Alpha2]
	... 29 more
2025-04-14 16:20:50 ERROR SqlExceptionHelper - ERROR: column "user_type" of relation "users" does not exist
  Position: 60
2025-04-14 16:21:01 ERROR UserDaoImpl - Error while registering user: could not execute statement [ERROR: column "user_type" of relation "users" does not exist
  Position: 60] [insert into users (email,is_active,name,password,user_role,user_type) values (?,?,?,?,?,'User') returning user_id]
org.hibernate.exception.SQLGrammarException: could not execute statement [ERROR: column "user_type" of relation "users" does not exist
  Position: 60] [insert into users (email,is_active,name,password,user_role,user_type) values (?,?,?,?,?,'User') returning user_id]
	at org.hibernate.exception.internal.SQLStateConversionDelegate.convert(SQLStateConversionDelegate.java:91) ~[hibernate-core-7.0.0.Alpha2.jar:7.0.0.Alpha2]
	at org.hibernate.exception.internal.StandardSQLExceptionConverter.convert(StandardSQLExceptionConverter.java:58) ~[hibernate-core-7.0.0.Alpha2.jar:7.0.0.Alpha2]
	at org.hibernate.engine.jdbc.spi.SqlExceptionHelper.convert(SqlExceptionHelper.java:108) ~[hibernate-core-7.0.0.Alpha2.jar:7.0.0.Alpha2]
	at org.hibernate.engine.jdbc.internal.ResultSetReturnImpl.execute(ResultSetReturnImpl.java:145) ~[hibernate-core-7.0.0.Alpha2.jar:7.0.0.Alpha2]
	at org.hibernate.id.insert.InsertReturningDelegate.executeAndExtractReturning(InsertReturningDelegate.java:96) ~[hibernate-core-7.0.0.Alpha2.jar:7.0.0.Alpha2]
	at org.hibernate.id.insert.AbstractReturningDelegate.performMutation(AbstractReturningDelegate.java:58) ~[hibernate-core-7.0.0.Alpha2.jar:7.0.0.Alpha2]
	at org.hibernate.engine.jdbc.mutation.internal.MutationExecutorSingleNonBatched.performNonBatchedOperations(MutationExecutorSingleNonBatched.java:47) ~[hibernate-core-7.0.0.Alpha2.jar:7.0.0.Alpha2]
	at org.hibernate.engine.jdbc.mutation.internal.AbstractMutationExecutor.execute(AbstractMutationExecutor.java:55) ~[hibernate-core-7.0.0.Alpha2.jar:7.0.0.Alpha2]
	at org.hibernate.persister.entity.mutation.InsertCoordinatorStandard.doStaticInserts(InsertCoordinatorStandard.java:194) ~[hibernate-core-7.0.0.Alpha2.jar:7.0.0.Alpha2]
	at org.hibernate.persister.entity.mutation.InsertCoordinatorStandard.coordinateInsert(InsertCoordinatorStandard.java:132) ~[hibernate-core-7.0.0.Alpha2.jar:7.0.0.Alpha2]
	at org.hibernate.persister.entity.mutation.InsertCoordinatorStandard.insert(InsertCoordinatorStandard.java:95) ~[hibernate-core-7.0.0.Alpha2.jar:7.0.0.Alpha2]
	at org.hibernate.action.internal.EntityIdentityInsertAction.execute(EntityIdentityInsertAction.java:85) ~[hibernate-core-7.0.0.Alpha2.jar:7.0.0.Alpha2]
	at org.hibernate.engine.spi.ActionQueue.execute(ActionQueue.java:670) ~[hibernate-core-7.0.0.Alpha2.jar:7.0.0.Alpha2]
	at org.hibernate.engine.spi.ActionQueue.addResolvedEntityInsertAction(ActionQueue.java:291) ~[hibernate-core-7.0.0.Alpha2.jar:7.0.0.Alpha2]
	at org.hibernate.engine.spi.ActionQueue.addInsertAction(ActionQueue.java:272) ~[hibernate-core-7.0.0.Alpha2.jar:7.0.0.Alpha2]
	at org.hibernate.engine.spi.ActionQueue.addAction(ActionQueue.java:322) ~[hibernate-core-7.0.0.Alpha2.jar:7.0.0.Alpha2]
	at org.hibernate.event.internal.AbstractSaveEventListener.addInsertAction(AbstractSaveEventListener.java:388) ~[hibernate-core-7.0.0.Alpha2.jar:7.0.0.Alpha2]
	at org.hibernate.event.internal.AbstractSaveEventListener.performSaveOrReplicate(AbstractSaveEventListener.java:302) ~[hibernate-core-7.0.0.Alpha2.jar:7.0.0.Alpha2]
	at org.hibernate.event.internal.AbstractSaveEventListener.performSave(AbstractSaveEventListener.java:221) ~[hibernate-core-7.0.0.Alpha2.jar:7.0.0.Alpha2]
	at org.hibernate.event.internal.AbstractSaveEventListener.saveWithGeneratedId(AbstractSaveEventListener.java:135) ~[hibernate-core-7.0.0.Alpha2.jar:7.0.0.Alpha2]
	at org.hibernate.event.internal.DefaultPersistEventListener.entityIsTransient(DefaultPersistEventListener.java:175) ~[hibernate-core-7.0.0.Alpha2.jar:7.0.0.Alpha2]
	at org.hibernate.event.internal.DefaultPersistEventListener.persist(DefaultPersistEventListener.java:93) ~[hibernate-core-7.0.0.Alpha2.jar:7.0.0.Alpha2]
	at org.hibernate.event.internal.DefaultPersistEventListener.onPersist(DefaultPersistEventListener.java:77) ~[hibernate-core-7.0.0.Alpha2.jar:7.0.0.Alpha2]
	at org.hibernate.event.internal.DefaultPersistEventListener.onPersist(DefaultPersistEventListener.java:54) ~[hibernate-core-7.0.0.Alpha2.jar:7.0.0.Alpha2]
	at org.hibernate.event.service.internal.EventListenerGroupImpl.fireEventOnEachListener(EventListenerGroupImpl.java:127) ~[hibernate-core-7.0.0.Alpha2.jar:7.0.0.Alpha2]
	at org.hibernate.internal.SessionImpl.firePersist(SessionImpl.java:774) ~[hibernate-core-7.0.0.Alpha2.jar:7.0.0.Alpha2]
	at org.hibernate.internal.SessionImpl.persist(SessionImpl.java:758) ~[hibernate-core-7.0.0.Alpha2.jar:7.0.0.Alpha2]
	at org.example.dao.UserDaoImpl.registerUser(UserDaoImpl.java:22) [classes/:?]
	at org.example.service.UserServiceImpl.registerUser(UserServiceImpl.java:33) [classes/:?]
	at org.example.controller.UserController.registerUser(UserController.java:21) [classes/:?]
	at org.example.view.Menu.registerUser(Menu.java:181) [classes/:?]
	at org.example.view.Menu.displayMainMenu(Unknown Source) [classes/:?]
	at org.example.Main.main(Main.java:57) [classes/:?]
Caused by: org.postgresql.util.PSQLException: ERROR: column "user_type" of relation "users" does not exist
  Position: 60
	at org.postgresql.core.v3.QueryExecutorImpl.receiveErrorResponse(QueryExecutorImpl.java:2733) ~[postgresql-42.7.4.jar:42.7.4]
	at org.postgresql.core.v3.QueryExecutorImpl.processResults(QueryExecutorImpl.java:2420) ~[postgresql-42.7.4.jar:42.7.4]
	at org.postgresql.core.v3.QueryExecutorImpl.execute(QueryExecutorImpl.java:372) ~[postgresql-42.7.4.jar:42.7.4]
	at org.postgresql.jdbc.PgStatement.executeInternal(PgStatement.java:517) ~[postgresql-42.7.4.jar:42.7.4]
	at org.postgresql.jdbc.PgStatement.execute(PgStatement.java:434) ~[postgresql-42.7.4.jar:42.7.4]
	at org.postgresql.jdbc.PgPreparedStatement.executeWithFlags(PgPreparedStatement.java:194) ~[postgresql-42.7.4.jar:42.7.4]
	at org.postgresql.jdbc.PgPreparedStatement.execute(PgPreparedStatement.java:180) ~[postgresql-42.7.4.jar:42.7.4]
	at com.zaxxer.hikari.pool.ProxyPreparedStatement.execute(ProxyPreparedStatement.java:44) ~[HikariCP-6.3.0.jar:?]
	at com.zaxxer.hikari.pool.HikariProxyPreparedStatement.execute(HikariProxyPreparedStatement.java) ~[HikariCP-6.3.0.jar:?]
	at org.hibernate.engine.jdbc.internal.ResultSetReturnImpl.execute(ResultSetReturnImpl.java:129) ~[hibernate-core-7.0.0.Alpha2.jar:7.0.0.Alpha2]
	... 29 more
