2025-04-21 12:07:43 ERROR BookingDaoImpl - Error occurred while fetching confirmed booking for user ID: 13
jakarta.persistence.NonUniqueResultException: Query did not return a unique result: 2 results were returned
	at org.hibernate.internal.ExceptionConverterImpl.convert(ExceptionConverterImpl.java:131) ~[hibernate-core-7.0.0.Alpha2.jar:7.0.0.Alpha2]
	at org.hibernate.query.spi.AbstractSelectionQuery.getSingleResult(AbstractSelectionQuery.java:564) ~[hibernate-core-7.0.0.Alpha2.jar:7.0.0.Alpha2]
	at org.example.dao.BookingDaoImpl.getConfirmedBookingByUserId(BookingDaoImpl.java:99) ~[classes/:?]
	at java.util.Optional.flatMap(Optional.java:289) [?:?]
	at org.example.service.BookingServiceImpl.getConfirmedBookingByUserId(BookingServiceImpl.java:77) [classes/:?]
	at org.example.controller.BookingController.getConfirmedBookingByUserId(BookingController.java:73) [classes/:?]
	at org.example.consoleinterface.StaffMenuUI.checkoutByStaff(StaffMenuUI.java:234) [classes/:?]
	at org.example.consoleinterface.StaffMenuUI.displayStaffMenu(StaffMenuUI.java:86) [classes/:?]
	at org.example.consoleinterface.HomeMenuUI.loginUser(HomeMenuUI.java:102) [classes/:?]
	at org.example.consoleinterface.HomeMenuUI.displayMainMenu(HomeMenuUI.java:48) [classes/:?]
	at org.example.Main.main(Main.java:24) [classes/:?]
Caused by: org.hibernate.NonUniqueResultException: Query did not return a unique result: 2 results were returned
	at org.hibernate.query.spi.AbstractSelectionQuery.uniqueElement(AbstractSelectionQuery.java:578) ~[hibernate-core-7.0.0.Alpha2.jar:7.0.0.Alpha2]
	at org.hibernate.query.spi.AbstractSelectionQuery.getSingleResult(AbstractSelectionQuery.java:561) ~[hibernate-core-7.0.0.Alpha2.jar:7.0.0.Alpha2]
	... 9 more
2025-04-21 12:09:13 ERROR BookingDaoImpl - Error occurred while fetching confirmed booking for user ID: 13
jakarta.persistence.NonUniqueResultException: Query did not return a unique result: 2 results were returned
	at org.hibernate.internal.ExceptionConverterImpl.convert(ExceptionConverterImpl.java:131) ~[hibernate-core-7.0.0.Alpha2.jar:7.0.0.Alpha2]
	at org.hibernate.query.spi.AbstractSelectionQuery.getSingleResult(AbstractSelectionQuery.java:564) ~[hibernate-core-7.0.0.Alpha2.jar:7.0.0.Alpha2]
	at org.example.dao.BookingDaoImpl.getConfirmedBookingByUserId(BookingDaoImpl.java:99) ~[classes/:?]
	at java.util.Optional.flatMap(Optional.java:289) [?:?]
	at org.example.service.BookingServiceImpl.getConfirmedBookingByUserId(BookingServiceImpl.java:77) [classes/:?]
	at org.example.controller.BookingController.getConfirmedBookingByUserId(BookingController.java:73) [classes/:?]
	at org.example.consoleinterface.StaffMenuUI.checkoutByStaff(StaffMenuUI.java:234) [classes/:?]
	at org.example.consoleinterface.StaffMenuUI.displayStaffMenu(StaffMenuUI.java:86) [classes/:?]
	at org.example.consoleinterface.HomeMenuUI.loginUser(HomeMenuUI.java:102) [classes/:?]
	at org.example.consoleinterface.HomeMenuUI.displayMainMenu(HomeMenuUI.java:48) [classes/:?]
	at org.example.Main.main(Main.java:24) [classes/:?]
Caused by: org.hibernate.NonUniqueResultException: Query did not return a unique result: 2 results were returned
	at org.hibernate.query.spi.AbstractSelectionQuery.uniqueElement(AbstractSelectionQuery.java:578) ~[hibernate-core-7.0.0.Alpha2.jar:7.0.0.Alpha2]
	at org.hibernate.query.spi.AbstractSelectionQuery.getSingleResult(AbstractSelectionQuery.java:561) ~[hibernate-core-7.0.0.Alpha2.jar:7.0.0.Alpha2]
	... 9 more
2025-04-21 13:19:47 ERROR BookingDaoImpl - Error occurred while fetching confirmed booking for user ID: 13
jakarta.persistence.NonUniqueResultException: Query did not return a unique result: 2 results were returned
	at org.hibernate.internal.ExceptionConverterImpl.convert(ExceptionConverterImpl.java:131) ~[hibernate-core-7.0.0.Alpha2.jar:7.0.0.Alpha2]
	at org.hibernate.query.spi.AbstractSelectionQuery.getSingleResult(AbstractSelectionQuery.java:564) ~[hibernate-core-7.0.0.Alpha2.jar:7.0.0.Alpha2]
	at org.example.dao.BookingDaoImpl.getConfirmedBookingByUserId(BookingDaoImpl.java:99) ~[classes/:?]
	at java.util.Optional.flatMap(Optional.java:289) [?:?]
	at org.example.service.BookingServiceImpl.getConfirmedBookingByUserId(BookingServiceImpl.java:77) [classes/:?]
	at org.example.controller.BookingController.getConfirmedBookingByUserId(BookingController.java:73) [classes/:?]
	at org.example.consoleinterface.StaffMenuUI.checkoutByStaff(StaffMenuUI.java:234) [classes/:?]
	at org.example.consoleinterface.StaffMenuUI.displayStaffMenu(StaffMenuUI.java:86) [classes/:?]
	at org.example.consoleinterface.HomeMenuUI.loginUser(HomeMenuUI.java:102) [classes/:?]
	at org.example.consoleinterface.HomeMenuUI.displayMainMenu(HomeMenuUI.java:48) [classes/:?]
	at org.example.Main.main(Main.java:24) [classes/:?]
Caused by: org.hibernate.NonUniqueResultException: Query did not return a unique result: 2 results were returned
	at org.hibernate.query.spi.AbstractSelectionQuery.uniqueElement(AbstractSelectionQuery.java:578) ~[hibernate-core-7.0.0.Alpha2.jar:7.0.0.Alpha2]
	at org.hibernate.query.spi.AbstractSelectionQuery.getSingleResult(AbstractSelectionQuery.java:561) ~[hibernate-core-7.0.0.Alpha2.jar:7.0.0.Alpha2]
	... 9 more
2025-04-21 16:23:12 ERROR UserDaoImpl - Error fetching user by email sdrgs@gmail.com: No result found for query [SELECT u FROM User u WHERE u.email = :email]
jakarta.persistence.NoResultException: No result found for query [SELECT u FROM User u WHERE u.email = :email]
	at org.hibernate.query.spi.AbstractSelectionQuery.getSingleResult(AbstractSelectionQuery.java:558) ~[hibernate-core-7.0.0.Alpha2.jar:7.0.0.Alpha2]
	at org.example.dao.UserDaoImpl.getUserByEmailId(UserDaoImpl.java:87) [classes/:?]
	at org.example.service.UserServiceImpl.authenticateUser(UserServiceImpl.java:59) [classes/:?]
	at org.example.controller.UserController.authenticateUser(UserController.java:38) [classes/:?]
	at org.example.consoleinterface.HomeMenuUI.loginUser(HomeMenuUI.java:77) [classes/:?]
	at org.example.consoleinterface.HomeMenuUI.displayMainMenu(HomeMenuUI.java:48) [classes/:?]
	at org.example.Main.main(Main.java:24) [classes/:?]
2025-04-21 16:45:06 ERROR SqlExceptionHelper - ERROR: timestamp out of range: "549606-09-15 12:00:01.041437+05:30"
  Where: unnamed portal parameter $2 = '...'
2025-04-21 16:45:06 ERROR BookingDaoImpl - Error while creating booking for user ID: 13
org.hibernate.exception.DataException: could not execute statement [ERROR: timestamp out of range: "549606-09-15 12:00:01.041437+05:30"
  Where: unnamed portal parameter $2 = '...'] [insert into bookings (check_in,check_out,room_id,status,user_id) values (?,?,?,?,?) returning booking_id]
	at org.hibernate.exception.internal.SQLStateConversionDelegate.convert(SQLStateConversionDelegate.java:103) ~[hibernate-core-7.0.0.Alpha2.jar:7.0.0.Alpha2]
	at org.hibernate.exception.internal.StandardSQLExceptionConverter.convert(StandardSQLExceptionConverter.java:58) ~[hibernate-core-7.0.0.Alpha2.jar:7.0.0.Alpha2]
	at org.hibernate.engine.jdbc.spi.SqlExceptionHelper.convert(SqlExceptionHelper.java:108) ~[hibernate-core-7.0.0.Alpha2.jar:7.0.0.Alpha2]
	at org.hibernate.engine.jdbc.internal.ResultSetReturnImpl.execute(ResultSetReturnImpl.java:145) ~[hibernate-core-7.0.0.Alpha2.jar:7.0.0.Alpha2]
	at org.hibernate.id.insert.InsertReturningDelegate.executeAndExtractReturning(InsertReturningDelegate.java:96) ~[hibernate-core-7.0.0.Alpha2.jar:7.0.0.Alpha2]
	at org.hibernate.id.insert.AbstractReturningDelegate.performMutation(AbstractReturningDelegate.java:58) ~[hibernate-core-7.0.0.Alpha2.jar:7.0.0.Alpha2]
	at org.hibernate.engine.jdbc.mutation.internal.MutationExecutorSingleNonBatched.performNonBatchedOperations(MutationExecutorSingleNonBatched.java:47) ~[hibernate-core-7.0.0.Alpha2.jar:7.0.0.Alpha2]
	at org.hibernate.engine.jdbc.mutation.internal.AbstractMutationExecutor.execute(AbstractMutationExecutor.java:55) ~[hibernate-core-7.0.0.Alpha2.jar:7.0.0.Alpha2]
	at org.hibernate.persister.entity.mutation.InsertCoordinatorStandard.doStaticInserts(InsertCoordinatorStandard.java:194) ~[hibernate-core-7.0.0.Alpha2.jar:7.0.0.Alpha2]
	at org.hibernate.persister.entity.mutation.InsertCoordinatorStandard.coordinateInsert(InsertCoordinatorStandard.java:132) ~[hibernate-core-7.0.0.Alpha2.jar:7.0.0.Alpha2]
	at org.hibernate.persister.entity.mutation.InsertCoordinatorStandard.insert(InsertCoordinatorStandard.java:95) ~[hibernate-core-7.0.0.Alpha2.jar:7.0.0.Alpha2]
	at org.hibernate.action.internal.EntityIdentityInsertAction.execute(EntityIdentityInsertAction.java:85) ~[hibernate-core-7.0.0.Alpha2.jar:7.0.0.Alpha2]
	at org.hibernate.engine.spi.ActionQueue.execute(ActionQueue.java:670) ~[hibernate-core-7.0.0.Alpha2.jar:7.0.0.Alpha2]
	at org.hibernate.engine.spi.ActionQueue.addResolvedEntityInsertAction(ActionQueue.java:291) ~[hibernate-core-7.0.0.Alpha2.jar:7.0.0.Alpha2]
	at org.hibernate.engine.spi.ActionQueue.addInsertAction(ActionQueue.java:272) ~[hibernate-core-7.0.0.Alpha2.jar:7.0.0.Alpha2]
	at org.hibernate.engine.spi.ActionQueue.addAction(ActionQueue.java:322) ~[hibernate-core-7.0.0.Alpha2.jar:7.0.0.Alpha2]
	at org.hibernate.event.internal.AbstractSaveEventListener.addInsertAction(AbstractSaveEventListener.java:388) ~[hibernate-core-7.0.0.Alpha2.jar:7.0.0.Alpha2]
	at org.hibernate.event.internal.AbstractSaveEventListener.performSaveOrReplicate(AbstractSaveEventListener.java:302) ~[hibernate-core-7.0.0.Alpha2.jar:7.0.0.Alpha2]
	at org.hibernate.event.internal.AbstractSaveEventListener.performSave(AbstractSaveEventListener.java:221) ~[hibernate-core-7.0.0.Alpha2.jar:7.0.0.Alpha2]
	at org.hibernate.event.internal.AbstractSaveEventListener.saveWithGeneratedId(AbstractSaveEventListener.java:135) ~[hibernate-core-7.0.0.Alpha2.jar:7.0.0.Alpha2]
	at org.hibernate.event.internal.DefaultPersistEventListener.entityIsTransient(DefaultPersistEventListener.java:175) ~[hibernate-core-7.0.0.Alpha2.jar:7.0.0.Alpha2]
	at org.hibernate.event.internal.DefaultPersistEventListener.persist(DefaultPersistEventListener.java:93) ~[hibernate-core-7.0.0.Alpha2.jar:7.0.0.Alpha2]
	at org.hibernate.event.internal.DefaultPersistEventListener.onPersist(DefaultPersistEventListener.java:77) ~[hibernate-core-7.0.0.Alpha2.jar:7.0.0.Alpha2]
	at org.hibernate.event.internal.DefaultPersistEventListener.onPersist(DefaultPersistEventListener.java:54) ~[hibernate-core-7.0.0.Alpha2.jar:7.0.0.Alpha2]
	at org.hibernate.event.service.internal.EventListenerGroupImpl.fireEventOnEachListener(EventListenerGroupImpl.java:127) ~[hibernate-core-7.0.0.Alpha2.jar:7.0.0.Alpha2]
	at org.hibernate.internal.SessionImpl.firePersist(SessionImpl.java:774) ~[hibernate-core-7.0.0.Alpha2.jar:7.0.0.Alpha2]
	at org.hibernate.internal.SessionImpl.persist(SessionImpl.java:758) ~[hibernate-core-7.0.0.Alpha2.jar:7.0.0.Alpha2]
	at org.example.dao.BookingDaoImpl.createBooking(BookingDaoImpl.java:24) [classes/:?]
	at org.example.service.BookingServiceImpl.createBooking(BookingServiceImpl.java:32) [classes/:?]
	at org.example.controller.BookingController.createBooking(BookingController.java:33) [classes/:?]
	at org.example.consoleinterface.UserMenuUI.bookRoomByUser(UserMenuUI.java:491) [classes/:?]
	at org.example.consoleinterface.UserMenuUI.displayUserMenu(UserMenuUI.java:66) [classes/:?]
	at org.example.consoleinterface.HomeMenuUI.loginUser(HomeMenuUI.java:104) [classes/:?]
	at org.example.consoleinterface.HomeMenuUI.displayMainMenu(HomeMenuUI.java:48) [classes/:?]
	at org.example.Main.main(Main.java:24) [classes/:?]
Caused by: org.postgresql.util.PSQLException: ERROR: timestamp out of range: "549606-09-15 12:00:01.041437+05:30"
  Where: unnamed portal parameter $2 = '...'
	at org.postgresql.core.v3.QueryExecutorImpl.receiveErrorResponse(QueryExecutorImpl.java:2733) ~[postgresql-42.7.4.jar:42.7.4]
	at org.postgresql.core.v3.QueryExecutorImpl.processResults(QueryExecutorImpl.java:2420) ~[postgresql-42.7.4.jar:42.7.4]
	at org.postgresql.core.v3.QueryExecutorImpl.execute(QueryExecutorImpl.java:372) ~[postgresql-42.7.4.jar:42.7.4]
	at org.postgresql.jdbc.PgStatement.executeInternal(PgStatement.java:517) ~[postgresql-42.7.4.jar:42.7.4]
	at org.postgresql.jdbc.PgStatement.execute(PgStatement.java:434) ~[postgresql-42.7.4.jar:42.7.4]
	at org.postgresql.jdbc.PgPreparedStatement.executeWithFlags(PgPreparedStatement.java:194) ~[postgresql-42.7.4.jar:42.7.4]
	at org.postgresql.jdbc.PgPreparedStatement.execute(PgPreparedStatement.java:180) ~[postgresql-42.7.4.jar:42.7.4]
	at com.zaxxer.hikari.pool.ProxyPreparedStatement.execute(ProxyPreparedStatement.java:44) ~[HikariCP-6.3.0.jar:?]
	at com.zaxxer.hikari.pool.HikariProxyPreparedStatement.execute(HikariProxyPreparedStatement.java) ~[HikariCP-6.3.0.jar:?]
	at org.hibernate.engine.jdbc.internal.ResultSetReturnImpl.execute(ResultSetReturnImpl.java:129) ~[hibernate-core-7.0.0.Alpha2.jar:7.0.0.Alpha2]
	... 31 more
2025-04-21 16:46:09 ERROR UserDaoImpl - Error fetching user by email suarav@gmail.com: No result found for query [SELECT u FROM User u WHERE u.email = :email]
jakarta.persistence.NoResultException: No result found for query [SELECT u FROM User u WHERE u.email = :email]
	at org.hibernate.query.spi.AbstractSelectionQuery.getSingleResult(AbstractSelectionQuery.java:558) ~[hibernate-core-7.0.0.Alpha2.jar:7.0.0.Alpha2]
	at org.example.dao.UserDaoImpl.getUserByEmailId(UserDaoImpl.java:87) [classes/:?]
	at org.example.service.UserServiceImpl.authenticateUser(UserServiceImpl.java:59) [classes/:?]
	at org.example.controller.UserController.authenticateUser(UserController.java:41) [classes/:?]
	at org.example.consoleinterface.HomeMenuUI.loginUser(HomeMenuUI.java:77) [classes/:?]
	at org.example.consoleinterface.HomeMenuUI.displayMainMenu(HomeMenuUI.java:48) [classes/:?]
	at org.example.Main.main(Main.java:24) [classes/:?]
2025-04-21 17:05:38 ERROR StaffMenuUI - InputMismatchException: Invalid input by user SHUBHAM LANKE in staff menu
2025-04-21 17:09:00 ERROR UserDaoImpl - Error fetching user by email hjgygh: No result found for query [SELECT u FROM User u WHERE u.email = :email]
jakarta.persistence.NoResultException: No result found for query [SELECT u FROM User u WHERE u.email = :email]
	at org.hibernate.query.spi.AbstractSelectionQuery.getSingleResult(AbstractSelectionQuery.java:558) ~[hibernate-core-7.0.0.Alpha2.jar:7.0.0.Alpha2]
	at org.example.dao.UserDaoImpl.getUserByEmailId(UserDaoImpl.java:87) [classes/:?]
	at org.example.service.UserServiceImpl.getUserByEmail(UserServiceImpl.java:69) [classes/:?]
	at org.example.controller.UserController.getUserByEmail(UserController.java:34) [classes/:?]
	at org.example.consoleinterface.StaffMenuUI.searchUserDetails(StaffMenuUI.java:556) [classes/:?]
	at org.example.consoleinterface.StaffMenuUI.displayStaffMenu(StaffMenuUI.java:74) [classes/:?]
	at org.example.consoleinterface.HomeMenuUI.loginUser(HomeMenuUI.java:103) [classes/:?]
	at org.example.consoleinterface.HomeMenuUI.displayMainMenu(HomeMenuUI.java:48) [classes/:?]
	at org.example.Main.main(Main.java:24) [classes/:?]
2025-04-21 17:09:09 ERROR StaffMenuUI - InputMismatchException: Invalid input by user SHUBHAM LANKE in staff menu
2025-04-21 17:10:31 ERROR UserDaoImpl - Error fetching user by email ----@gmail.com: No result found for query [SELECT u FROM User u WHERE u.email = :email]
jakarta.persistence.NoResultException: No result found for query [SELECT u FROM User u WHERE u.email = :email]
	at org.hibernate.query.spi.AbstractSelectionQuery.getSingleResult(AbstractSelectionQuery.java:558) ~[hibernate-core-7.0.0.Alpha2.jar:7.0.0.Alpha2]
	at org.example.dao.UserDaoImpl.getUserByEmailId(UserDaoImpl.java:87) [classes/:?]
	at org.example.service.UserServiceImpl.getUserByEmail(UserServiceImpl.java:69) [classes/:?]
	at org.example.controller.UserController.getUserByEmail(UserController.java:34) [classes/:?]
	at org.example.consoleinterface.StaffMenuUI.bookRoomByStaff(StaffMenuUI.java:300) [classes/:?]
	at org.example.consoleinterface.StaffMenuUI.displayStaffMenu(StaffMenuUI.java:82) [classes/:?]
	at org.example.consoleinterface.HomeMenuUI.loginUser(HomeMenuUI.java:103) [classes/:?]
	at org.example.consoleinterface.HomeMenuUI.displayMainMenu(HomeMenuUI.java:48) [classes/:?]
	at org.example.Main.main(Main.java:24) [classes/:?]
2025-04-21 17:11:12 ERROR UserDaoImpl - Error fetching user by email ----@gmail.com: No result found for query [SELECT u FROM User u WHERE u.email = :email]
jakarta.persistence.NoResultException: No result found for query [SELECT u FROM User u WHERE u.email = :email]
	at org.hibernate.query.spi.AbstractSelectionQuery.getSingleResult(AbstractSelectionQuery.java:558) ~[hibernate-core-7.0.0.Alpha2.jar:7.0.0.Alpha2]
	at org.example.dao.UserDaoImpl.getUserByEmailId(UserDaoImpl.java:87) [classes/:?]
	at org.example.service.UserServiceImpl.getUserByEmail(UserServiceImpl.java:69) [classes/:?]
	at org.example.controller.UserController.getUserByEmail(UserController.java:34) [classes/:?]
	at org.example.consoleinterface.StaffMenuUI.bookRoomByStaff(StaffMenuUI.java:300) [classes/:?]
	at org.example.consoleinterface.StaffMenuUI.displayStaffMenu(StaffMenuUI.java:82) [classes/:?]
	at org.example.consoleinterface.HomeMenuUI.loginUser(HomeMenuUI.java:103) [classes/:?]
	at org.example.consoleinterface.HomeMenuUI.displayMainMenu(HomeMenuUI.java:48) [classes/:?]
	at org.example.Main.main(Main.java:24) [classes/:?]
2025-04-21 17:12:02 ERROR UserDaoImpl - Error fetching user by email ---@gmail.com: No result found for query [SELECT u FROM User u WHERE u.email = :email]
jakarta.persistence.NoResultException: No result found for query [SELECT u FROM User u WHERE u.email = :email]
	at org.hibernate.query.spi.AbstractSelectionQuery.getSingleResult(AbstractSelectionQuery.java:558) ~[hibernate-core-7.0.0.Alpha2.jar:7.0.0.Alpha2]
	at org.example.dao.UserDaoImpl.getUserByEmailId(UserDaoImpl.java:87) [classes/:?]
	at org.example.service.UserServiceImpl.getUserByEmail(UserServiceImpl.java:69) [classes/:?]
	at org.example.controller.UserController.getUserByEmail(UserController.java:34) [classes/:?]
	at org.example.consoleinterface.StaffMenuUI.bookRoomByStaff(StaffMenuUI.java:300) [classes/:?]
	at org.example.consoleinterface.StaffMenuUI.displayStaffMenu(StaffMenuUI.java:82) [classes/:?]
	at org.example.consoleinterface.HomeMenuUI.loginUser(HomeMenuUI.java:103) [classes/:?]
	at org.example.consoleinterface.HomeMenuUI.displayMainMenu(HomeMenuUI.java:48) [classes/:?]
	at org.example.Main.main(Main.java:24) [classes/:?]
2025-04-21 17:13:02 ERROR UserDaoImpl - Error fetching user by email ---@gmail.com: No result found for query [SELECT u FROM User u WHERE u.email = :email]
jakarta.persistence.NoResultException: No result found for query [SELECT u FROM User u WHERE u.email = :email]
	at org.hibernate.query.spi.AbstractSelectionQuery.getSingleResult(AbstractSelectionQuery.java:558) ~[hibernate-core-7.0.0.Alpha2.jar:7.0.0.Alpha2]
	at org.example.dao.UserDaoImpl.getUserByEmailId(UserDaoImpl.java:87) [classes/:?]
	at org.example.service.UserServiceImpl.getUserByEmail(UserServiceImpl.java:69) [classes/:?]
	at org.example.controller.UserController.getUserByEmail(UserController.java:34) [classes/:?]
	at org.example.consoleinterface.StaffMenuUI.bookRoomByStaff(StaffMenuUI.java:300) [classes/:?]
	at org.example.consoleinterface.StaffMenuUI.displayStaffMenu(StaffMenuUI.java:82) [classes/:?]
	at org.example.consoleinterface.HomeMenuUI.loginUser(HomeMenuUI.java:103) [classes/:?]
	at org.example.consoleinterface.HomeMenuUI.displayMainMenu(HomeMenuUI.java:48) [classes/:?]
	at org.example.Main.main(Main.java:24) [classes/:?]
2025-04-21 17:13:44 ERROR UserDaoImpl - Error fetching user by email ---@gmail.com: No result found for query [SELECT u FROM User u WHERE u.email = :email]
jakarta.persistence.NoResultException: No result found for query [SELECT u FROM User u WHERE u.email = :email]
	at org.hibernate.query.spi.AbstractSelectionQuery.getSingleResult(AbstractSelectionQuery.java:558) ~[hibernate-core-7.0.0.Alpha2.jar:7.0.0.Alpha2]
	at org.example.dao.UserDaoImpl.getUserByEmailId(UserDaoImpl.java:87) [classes/:?]
	at org.example.service.UserServiceImpl.getUserByEmail(UserServiceImpl.java:69) [classes/:?]
	at org.example.controller.UserController.getUserByEmail(UserController.java:34) [classes/:?]
	at org.example.consoleinterface.StaffMenuUI.bookRoomByStaff(StaffMenuUI.java:300) [classes/:?]
	at org.example.consoleinterface.StaffMenuUI.displayStaffMenu(StaffMenuUI.java:82) [classes/:?]
	at org.example.consoleinterface.HomeMenuUI.loginUser(HomeMenuUI.java:103) [classes/:?]
	at org.example.consoleinterface.HomeMenuUI.displayMainMenu(HomeMenuUI.java:48) [classes/:?]
	at org.example.Main.main(Main.java:24) [classes/:?]
2025-04-21 17:16:17 ERROR StaffMenuUI - Failed to create booking: createBooking returned null.
2025-04-21 17:24:26 ERROR BookingDaoImpl - Error occurred while fetching all bookings
java.lang.IllegalArgumentException: org.hibernate.query.sqm.UnknownPathException: Could not resolve attribute 'invoice' of 'org.example.entity.Booking' [SELECT b FROM Booking b JOIN FETCH b.user JOIN FETCH b.room JOIN FETCH b.invoice ORDER BY b.checkIn DESC]
	at org.hibernate.internal.ExceptionConverterImpl.convert(ExceptionConverterImpl.java:143) ~[hibernate-core-7.0.0.Alpha2.jar:7.0.0.Alpha2]
	at org.hibernate.internal.ExceptionConverterImpl.convert(ExceptionConverterImpl.java:167) ~[hibernate-core-7.0.0.Alpha2.jar:7.0.0.Alpha2]
	at org.hibernate.internal.ExceptionConverterImpl.convert(ExceptionConverterImpl.java:173) ~[hibernate-core-7.0.0.Alpha2.jar:7.0.0.Alpha2]
	at org.hibernate.internal.AbstractSharedSessionContract.createQuery(AbstractSharedSessionContract.java:890) ~[hibernate-core-7.0.0.Alpha2.jar:7.0.0.Alpha2]
	at org.hibernate.internal.SessionImpl.createQuery(SessionImpl.java:215) ~[hibernate-core-7.0.0.Alpha2.jar:7.0.0.Alpha2]
	at org.example.dao.BookingDaoImpl.getAllBookings(BookingDaoImpl.java:111) [classes/:?]
	at org.example.service.BookingServiceImpl.getAllBookings(BookingServiceImpl.java:84) [classes/:?]
	at org.example.controller.BookingController.getAllBookings(BookingController.java:79) [classes/:?]
	at org.example.consoleinterface.AdminMenuUI.viewAllBookings(AdminMenuUI.java:264) [classes/:?]
	at org.example.consoleinterface.AdminMenuUI.displaySuperAdminMenu(AdminMenuUI.java:67) [classes/:?]
	at org.example.consoleinterface.HomeMenuUI.loginUser(HomeMenuUI.java:106) [classes/:?]
	at org.example.consoleinterface.HomeMenuUI.displayMainMenu(HomeMenuUI.java:48) [classes/:?]
	at org.example.Main.main(Main.java:24) [classes/:?]
Caused by: org.hibernate.query.sqm.UnknownPathException: Could not resolve attribute 'invoice' of 'org.example.entity.Booking' [SELECT b FROM Booking b JOIN FETCH b.user JOIN FETCH b.room JOIN FETCH b.invoice ORDER BY b.checkIn DESC]
	at org.hibernate.query.hql.internal.StandardHqlTranslator.translate(StandardHqlTranslator.java:88) ~[hibernate-core-7.0.0.Alpha2.jar:7.0.0.Alpha2]
	at org.hibernate.query.internal.QueryInterpretationCacheStandardImpl.createHqlInterpretation(QueryInterpretationCacheStandardImpl.java:145) ~[hibernate-core-7.0.0.Alpha2.jar:7.0.0.Alpha2]
	at org.hibernate.query.internal.QueryInterpretationCacheStandardImpl.resolveHqlInterpretation(QueryInterpretationCacheStandardImpl.java:132) ~[hibernate-core-7.0.0.Alpha2.jar:7.0.0.Alpha2]
	at org.hibernate.internal.AbstractSharedSessionContract.interpretHql(AbstractSharedSessionContract.java:831) ~[hibernate-core-7.0.0.Alpha2.jar:7.0.0.Alpha2]
	at org.hibernate.internal.AbstractSharedSessionContract.createQuery(AbstractSharedSessionContract.java:882) ~[hibernate-core-7.0.0.Alpha2.jar:7.0.0.Alpha2]
	... 9 more
Caused by: org.hibernate.query.sqm.PathElementException: Could not resolve attribute 'invoice' of 'org.example.entity.Booking'
	at org.hibernate.query.sqm.SqmPathSource.getSubPathSource(SqmPathSource.java:95) ~[hibernate-core-7.0.0.Alpha2.jar:7.0.0.Alpha2]
	at org.hibernate.query.hql.internal.QualifiedJoinPathConsumer.createJoin(QualifiedJoinPathConsumer.java:192) ~[hibernate-core-7.0.0.Alpha2.jar:7.0.0.Alpha2]
	at org.hibernate.query.hql.internal.QualifiedJoinPathConsumer$AttributeJoinDelegate.consumeIdentifier(QualifiedJoinPathConsumer.java:270) ~[hibernate-core-7.0.0.Alpha2.jar:7.0.0.Alpha2]
	at org.hibernate.query.hql.internal.QualifiedJoinPathConsumer.consumeIdentifier(QualifiedJoinPathConsumer.java:106) ~[hibernate-core-7.0.0.Alpha2.jar:7.0.0.Alpha2]
	at org.hibernate.query.hql.internal.SemanticQueryBuilder.visitSimplePath(SemanticQueryBuilder.java:5262) ~[hibernate-core-7.0.0.Alpha2.jar:7.0.0.Alpha2]
	at org.hibernate.query.hql.internal.SemanticQueryBuilder.visitIndexedPathAccessFragment(SemanticQueryBuilder.java:5211) ~[hibernate-core-7.0.0.Alpha2.jar:7.0.0.Alpha2]
	at org.hibernate.query.hql.internal.SemanticQueryBuilder.visitGeneralPathFragment(SemanticQueryBuilder.java:5186) ~[hibernate-core-7.0.0.Alpha2.jar:7.0.0.Alpha2]
	at org.hibernate.query.hql.internal.SemanticQueryBuilder.visitGeneralPathFragment(SemanticQueryBuilder.java:274) ~[hibernate-core-7.0.0.Alpha2.jar:7.0.0.Alpha2]
	at org.hibernate.grammars.hql.HqlParser$GeneralPathFragmentContext.accept(HqlParser.java:4719) ~[hibernate-core-7.0.0.Alpha2.jar:7.0.0.Alpha2]
	at org.hibernate.query.hql.internal.SemanticQueryBuilder.visitPath(SemanticQueryBuilder.java:5177) ~[hibernate-core-7.0.0.Alpha2.jar:7.0.0.Alpha2]
	at org.hibernate.query.hql.internal.SemanticQueryBuilder.visitPath(SemanticQueryBuilder.java:274) ~[hibernate-core-7.0.0.Alpha2.jar:7.0.0.Alpha2]
	at org.hibernate.grammars.hql.HqlParser$PathContext.accept(HqlParser.java:4514) ~[hibernate-core-7.0.0.Alpha2.jar:7.0.0.Alpha2]
	at org.hibernate.query.hql.internal.SemanticQueryBuilder.getJoin(SemanticQueryBuilder.java:2268) ~[hibernate-core-7.0.0.Alpha2.jar:7.0.0.Alpha2]
	at org.hibernate.query.hql.internal.SemanticQueryBuilder.consumeJoin(SemanticQueryBuilder.java:2212) ~[hibernate-core-7.0.0.Alpha2.jar:7.0.0.Alpha2]
	at org.hibernate.query.hql.internal.SemanticQueryBuilder.visitEntityWithJoins(SemanticQueryBuilder.java:2025) ~[hibernate-core-7.0.0.Alpha2.jar:7.0.0.Alpha2]
	at org.hibernate.query.hql.internal.SemanticQueryBuilder.visitFromClause(SemanticQueryBuilder.java:2004) ~[hibernate-core-7.0.0.Alpha2.jar:7.0.0.Alpha2]
	at org.hibernate.query.hql.internal.SemanticQueryBuilder.visitQuery(SemanticQueryBuilder.java:1235) ~[hibernate-core-7.0.0.Alpha2.jar:7.0.0.Alpha2]
	at org.hibernate.query.hql.internal.SemanticQueryBuilder.visitQuerySpecExpression(SemanticQueryBuilder.java:1032) ~[hibernate-core-7.0.0.Alpha2.jar:7.0.0.Alpha2]
	at org.hibernate.query.hql.internal.SemanticQueryBuilder.visitQuerySpecExpression(SemanticQueryBuilder.java:274) ~[hibernate-core-7.0.0.Alpha2.jar:7.0.0.Alpha2]
	at org.hibernate.grammars.hql.HqlParser$QuerySpecExpressionContext.accept(HqlParser.java:2132) ~[hibernate-core-7.0.0.Alpha2.jar:7.0.0.Alpha2]
	at org.hibernate.query.hql.internal.SemanticQueryBuilder.visitSimpleQueryGroup(SemanticQueryBuilder.java:1017) ~[hibernate-core-7.0.0.Alpha2.jar:7.0.0.Alpha2]
	at org.hibernate.query.hql.internal.SemanticQueryBuilder.visitSimpleQueryGroup(SemanticQueryBuilder.java:274) ~[hibernate-core-7.0.0.Alpha2.jar:7.0.0.Alpha2]
	at org.hibernate.grammars.hql.HqlParser$SimpleQueryGroupContext.accept(HqlParser.java:2003) ~[hibernate-core-7.0.0.Alpha2.jar:7.0.0.Alpha2]
	at org.hibernate.query.hql.internal.SemanticQueryBuilder.visitSelectStatement(SemanticQueryBuilder.java:487) ~[hibernate-core-7.0.0.Alpha2.jar:7.0.0.Alpha2]
	at org.hibernate.query.hql.internal.SemanticQueryBuilder.visitStatement(SemanticQueryBuilder.java:446) ~[hibernate-core-7.0.0.Alpha2.jar:7.0.0.Alpha2]
	at org.hibernate.query.hql.internal.SemanticQueryBuilder.buildSemanticModel(SemanticQueryBuilder.java:319) ~[hibernate-core-7.0.0.Alpha2.jar:7.0.0.Alpha2]
	at org.hibernate.query.hql.internal.StandardHqlTranslator.translate(StandardHqlTranslator.java:71) ~[hibernate-core-7.0.0.Alpha2.jar:7.0.0.Alpha2]
	at org.hibernate.query.internal.QueryInterpretationCacheStandardImpl.createHqlInterpretation(QueryInterpretationCacheStandardImpl.java:145) ~[hibernate-core-7.0.0.Alpha2.jar:7.0.0.Alpha2]
	at org.hibernate.query.internal.QueryInterpretationCacheStandardImpl.resolveHqlInterpretation(QueryInterpretationCacheStandardImpl.java:132) ~[hibernate-core-7.0.0.Alpha2.jar:7.0.0.Alpha2]
	at org.hibernate.internal.AbstractSharedSessionContract.interpretHql(AbstractSharedSessionContract.java:831) ~[hibernate-core-7.0.0.Alpha2.jar:7.0.0.Alpha2]
	at org.hibernate.internal.AbstractSharedSessionContract.createQuery(AbstractSharedSessionContract.java:882) ~[hibernate-core-7.0.0.Alpha2.jar:7.0.0.Alpha2]
	... 9 more
2025-04-21 17:59:35 ERROR BookingDaoImpl - Error occurred while fetching all bookings
java.lang.IllegalArgumentException: org.hibernate.query.sqm.UnknownPathException: Could not resolve attribute 'invoice' of 'org.example.entity.Booking' [SELECT b FROM Booking b JOIN FETCH b.user JOIN FETCH b.room JOIN FETCH b.invoice ORDER BY b.checkIn DESC]
	at org.hibernate.internal.ExceptionConverterImpl.convert(ExceptionConverterImpl.java:143) ~[hibernate-core-7.0.0.Alpha2.jar:7.0.0.Alpha2]
	at org.hibernate.internal.ExceptionConverterImpl.convert(ExceptionConverterImpl.java:167) ~[hibernate-core-7.0.0.Alpha2.jar:7.0.0.Alpha2]
	at org.hibernate.internal.ExceptionConverterImpl.convert(ExceptionConverterImpl.java:173) ~[hibernate-core-7.0.0.Alpha2.jar:7.0.0.Alpha2]
	at org.hibernate.internal.AbstractSharedSessionContract.createQuery(AbstractSharedSessionContract.java:890) ~[hibernate-core-7.0.0.Alpha2.jar:7.0.0.Alpha2]
	at org.hibernate.internal.SessionImpl.createQuery(SessionImpl.java:215) ~[hibernate-core-7.0.0.Alpha2.jar:7.0.0.Alpha2]
	at org.example.dao.BookingDaoImpl.getAllBookings(BookingDaoImpl.java:111) [classes/:?]
	at org.example.service.BookingServiceImpl.getAllBookings(BookingServiceImpl.java:84) [classes/:?]
	at org.example.controller.BookingController.getAllBookings(BookingController.java:79) [classes/:?]
	at org.example.consoleinterface.AdminMenuUI.viewAllBookings(AdminMenuUI.java:264) [classes/:?]
	at org.example.consoleinterface.AdminMenuUI.displayAdminMenu(AdminMenuUI.java:216) [classes/:?]
	at org.example.consoleinterface.HomeMenuUI.loginUser(HomeMenuUI.java:105) [classes/:?]
	at org.example.consoleinterface.HomeMenuUI.displayMainMenu(HomeMenuUI.java:48) [classes/:?]
	at org.example.Main.main(Main.java:24) [classes/:?]
Caused by: org.hibernate.query.sqm.UnknownPathException: Could not resolve attribute 'invoice' of 'org.example.entity.Booking' [SELECT b FROM Booking b JOIN FETCH b.user JOIN FETCH b.room JOIN FETCH b.invoice ORDER BY b.checkIn DESC]
	at org.hibernate.query.hql.internal.StandardHqlTranslator.translate(StandardHqlTranslator.java:88) ~[hibernate-core-7.0.0.Alpha2.jar:7.0.0.Alpha2]
	at org.hibernate.query.internal.QueryInterpretationCacheStandardImpl.createHqlInterpretation(QueryInterpretationCacheStandardImpl.java:145) ~[hibernate-core-7.0.0.Alpha2.jar:7.0.0.Alpha2]
	at org.hibernate.query.internal.QueryInterpretationCacheStandardImpl.resolveHqlInterpretation(QueryInterpretationCacheStandardImpl.java:132) ~[hibernate-core-7.0.0.Alpha2.jar:7.0.0.Alpha2]
	at org.hibernate.internal.AbstractSharedSessionContract.interpretHql(AbstractSharedSessionContract.java:831) ~[hibernate-core-7.0.0.Alpha2.jar:7.0.0.Alpha2]
	at org.hibernate.internal.AbstractSharedSessionContract.createQuery(AbstractSharedSessionContract.java:882) ~[hibernate-core-7.0.0.Alpha2.jar:7.0.0.Alpha2]
	... 9 more
Caused by: org.hibernate.query.sqm.PathElementException: Could not resolve attribute 'invoice' of 'org.example.entity.Booking'
	at org.hibernate.query.sqm.SqmPathSource.getSubPathSource(SqmPathSource.java:95) ~[hibernate-core-7.0.0.Alpha2.jar:7.0.0.Alpha2]
	at org.hibernate.query.hql.internal.QualifiedJoinPathConsumer.createJoin(QualifiedJoinPathConsumer.java:192) ~[hibernate-core-7.0.0.Alpha2.jar:7.0.0.Alpha2]
	at org.hibernate.query.hql.internal.QualifiedJoinPathConsumer$AttributeJoinDelegate.consumeIdentifier(QualifiedJoinPathConsumer.java:270) ~[hibernate-core-7.0.0.Alpha2.jar:7.0.0.Alpha2]
	at org.hibernate.query.hql.internal.QualifiedJoinPathConsumer.consumeIdentifier(QualifiedJoinPathConsumer.java:106) ~[hibernate-core-7.0.0.Alpha2.jar:7.0.0.Alpha2]
	at org.hibernate.query.hql.internal.SemanticQueryBuilder.visitSimplePath(SemanticQueryBuilder.java:5262) ~[hibernate-core-7.0.0.Alpha2.jar:7.0.0.Alpha2]
	at org.hibernate.query.hql.internal.SemanticQueryBuilder.visitIndexedPathAccessFragment(SemanticQueryBuilder.java:5211) ~[hibernate-core-7.0.0.Alpha2.jar:7.0.0.Alpha2]
	at org.hibernate.query.hql.internal.SemanticQueryBuilder.visitGeneralPathFragment(SemanticQueryBuilder.java:5186) ~[hibernate-core-7.0.0.Alpha2.jar:7.0.0.Alpha2]
	at org.hibernate.query.hql.internal.SemanticQueryBuilder.visitGeneralPathFragment(SemanticQueryBuilder.java:274) ~[hibernate-core-7.0.0.Alpha2.jar:7.0.0.Alpha2]
	at org.hibernate.grammars.hql.HqlParser$GeneralPathFragmentContext.accept(HqlParser.java:4719) ~[hibernate-core-7.0.0.Alpha2.jar:7.0.0.Alpha2]
	at org.hibernate.query.hql.internal.SemanticQueryBuilder.visitPath(SemanticQueryBuilder.java:5177) ~[hibernate-core-7.0.0.Alpha2.jar:7.0.0.Alpha2]
	at org.hibernate.query.hql.internal.SemanticQueryBuilder.visitPath(SemanticQueryBuilder.java:274) ~[hibernate-core-7.0.0.Alpha2.jar:7.0.0.Alpha2]
	at org.hibernate.grammars.hql.HqlParser$PathContext.accept(HqlParser.java:4514) ~[hibernate-core-7.0.0.Alpha2.jar:7.0.0.Alpha2]
	at org.hibernate.query.hql.internal.SemanticQueryBuilder.getJoin(SemanticQueryBuilder.java:2268) ~[hibernate-core-7.0.0.Alpha2.jar:7.0.0.Alpha2]
	at org.hibernate.query.hql.internal.SemanticQueryBuilder.consumeJoin(SemanticQueryBuilder.java:2212) ~[hibernate-core-7.0.0.Alpha2.jar:7.0.0.Alpha2]
	at org.hibernate.query.hql.internal.SemanticQueryBuilder.visitEntityWithJoins(SemanticQueryBuilder.java:2025) ~[hibernate-core-7.0.0.Alpha2.jar:7.0.0.Alpha2]
	at org.hibernate.query.hql.internal.SemanticQueryBuilder.visitFromClause(SemanticQueryBuilder.java:2004) ~[hibernate-core-7.0.0.Alpha2.jar:7.0.0.Alpha2]
	at org.hibernate.query.hql.internal.SemanticQueryBuilder.visitQuery(SemanticQueryBuilder.java:1235) ~[hibernate-core-7.0.0.Alpha2.jar:7.0.0.Alpha2]
	at org.hibernate.query.hql.internal.SemanticQueryBuilder.visitQuerySpecExpression(SemanticQueryBuilder.java:1032) ~[hibernate-core-7.0.0.Alpha2.jar:7.0.0.Alpha2]
	at org.hibernate.query.hql.internal.SemanticQueryBuilder.visitQuerySpecExpression(SemanticQueryBuilder.java:274) ~[hibernate-core-7.0.0.Alpha2.jar:7.0.0.Alpha2]
	at org.hibernate.grammars.hql.HqlParser$QuerySpecExpressionContext.accept(HqlParser.java:2132) ~[hibernate-core-7.0.0.Alpha2.jar:7.0.0.Alpha2]
	at org.hibernate.query.hql.internal.SemanticQueryBuilder.visitSimpleQueryGroup(SemanticQueryBuilder.java:1017) ~[hibernate-core-7.0.0.Alpha2.jar:7.0.0.Alpha2]
	at org.hibernate.query.hql.internal.SemanticQueryBuilder.visitSimpleQueryGroup(SemanticQueryBuilder.java:274) ~[hibernate-core-7.0.0.Alpha2.jar:7.0.0.Alpha2]
	at org.hibernate.grammars.hql.HqlParser$SimpleQueryGroupContext.accept(HqlParser.java:2003) ~[hibernate-core-7.0.0.Alpha2.jar:7.0.0.Alpha2]
	at org.hibernate.query.hql.internal.SemanticQueryBuilder.visitSelectStatement(SemanticQueryBuilder.java:487) ~[hibernate-core-7.0.0.Alpha2.jar:7.0.0.Alpha2]
	at org.hibernate.query.hql.internal.SemanticQueryBuilder.visitStatement(SemanticQueryBuilder.java:446) ~[hibernate-core-7.0.0.Alpha2.jar:7.0.0.Alpha2]
	at org.hibernate.query.hql.internal.SemanticQueryBuilder.buildSemanticModel(SemanticQueryBuilder.java:319) ~[hibernate-core-7.0.0.Alpha2.jar:7.0.0.Alpha2]
	at org.hibernate.query.hql.internal.StandardHqlTranslator.translate(StandardHqlTranslator.java:71) ~[hibernate-core-7.0.0.Alpha2.jar:7.0.0.Alpha2]
	at org.hibernate.query.internal.QueryInterpretationCacheStandardImpl.createHqlInterpretation(QueryInterpretationCacheStandardImpl.java:145) ~[hibernate-core-7.0.0.Alpha2.jar:7.0.0.Alpha2]
	at org.hibernate.query.internal.QueryInterpretationCacheStandardImpl.resolveHqlInterpretation(QueryInterpretationCacheStandardImpl.java:132) ~[hibernate-core-7.0.0.Alpha2.jar:7.0.0.Alpha2]
	at org.hibernate.internal.AbstractSharedSessionContract.interpretHql(AbstractSharedSessionContract.java:831) ~[hibernate-core-7.0.0.Alpha2.jar:7.0.0.Alpha2]
	at org.hibernate.internal.AbstractSharedSessionContract.createQuery(AbstractSharedSessionContract.java:882) ~[hibernate-core-7.0.0.Alpha2.jar:7.0.0.Alpha2]
	... 9 more
2025-04-21 18:36:31 ERROR UserMenuUI - Invalid input by user 13: null
2025-04-21 18:45:39 ERROR UserDaoImpl - Error fetching user by email superadmin@dss.com: No result found for query [SELECT u FROM User u WHERE u.email = :email]
jakarta.persistence.NoResultException: No result found for query [SELECT u FROM User u WHERE u.email = :email]
	at org.hibernate.query.spi.AbstractSelectionQuery.getSingleResult(AbstractSelectionQuery.java:558) ~[hibernate-core-7.0.0.Alpha2.jar:7.0.0.Alpha2]
	at org.example.dao.UserDaoImpl.getUserByEmailId(UserDaoImpl.java:87) [classes/:?]
	at org.example.service.UserServiceImpl.authenticateUser(UserServiceImpl.java:59) [classes/:?]
	at org.example.controller.UserController.authenticateUser(UserController.java:41) [classes/:?]
	at org.example.consoleinterface.HomeMenuUI.loginUser(HomeMenuUI.java:77) [classes/:?]
	at org.example.consoleinterface.HomeMenuUI.displayMainMenu(HomeMenuUI.java:48) [classes/:?]
	at org.example.Main.main(Main.java:24) [classes/:?]
2025-04-21 18:45:53 ERROR UserDaoImpl - Error fetching user by email saurav@gmail.com: No result found for query [SELECT u FROM User u WHERE u.email = :email]
jakarta.persistence.NoResultException: No result found for query [SELECT u FROM User u WHERE u.email = :email]
	at org.hibernate.query.spi.AbstractSelectionQuery.getSingleResult(AbstractSelectionQuery.java:558) ~[hibernate-core-7.0.0.Alpha2.jar:7.0.0.Alpha2]
	at org.example.dao.UserDaoImpl.getUserByEmailId(UserDaoImpl.java:87) [classes/:?]
	at org.example.service.UserServiceImpl.authenticateUser(UserServiceImpl.java:59) [classes/:?]
	at org.example.controller.UserController.authenticateUser(UserController.java:41) [classes/:?]
	at org.example.consoleinterface.HomeMenuUI.loginUser(HomeMenuUI.java:77) [classes/:?]
	at org.example.consoleinterface.HomeMenuUI.displayMainMenu(HomeMenuUI.java:48) [classes/:?]
	at org.example.Main.main(Main.java:24) [classes/:?]
