2025-04-23 11:45:05 ERROR SqlExceptionHelper - ERROR: new row for relation "guests" violates check constraint "guests_age_check"
  Detail: Failing row contains (19, 13, SONAL GUPTA, -20).
2025-04-23 12:00:23 ERROR StaffMenuUI - InputMismatchException: Invalid input by user SHUBHAM LANKE in staff menu
2025-04-23 12:05:48 ERROR SqlExceptionHelper - ERROR: timestamp out of range: "2739932-04-26 10:00:00+05:30"
  Where: unnamed portal parameter $2 = '...'
2025-04-23 12:05:48 ERROR BookingDaoImpl - Error while creating booking for user ID: 13
org.hibernate.exception.DataException: could not execute statement [ERROR: timestamp out of range: "2739932-04-26 10:00:00+05:30"
  Where: unnamed portal parameter $2 = '...'] [insert into bookings (check_in,check_out,room_id,status,user_id) values (?,?,?,?,?) returning booking_id]
	at org.hibernate.exception.internal.SQLStateConversionDelegate.convert(SQLStateConversionDelegate.java:103) ~[hibernate-core-7.0.0.Alpha2.jar:7.0.0.Alpha2]
	at org.hibernate.exception.internal.StandardSQLExceptionConverter.convert(StandardSQLExceptionConverter.java:58) ~[hibernate-core-7.0.0.Alpha2.jar:7.0.0.Alpha2]
	at org.hibernate.engine.jdbc.spi.SqlExceptionHelper.convert(SqlExceptionHelper.java:108) ~[hibernate-core-7.0.0.Alpha2.jar:7.0.0.Alpha2]
	at org.hibernate.engine.jdbc.internal.ResultSetReturnImpl.execute(ResultSetReturnImpl.java:145) ~[hibernate-core-7.0.0.Alpha2.jar:7.0.0.Alpha2]
	at org.hibernate.id.insert.InsertReturningDelegate.executeAndExtractReturning(InsertReturningDelegate.java:96) ~[hibernate-core-7.0.0.Alpha2.jar:7.0.0.Alpha2]
	at org.hibernate.id.insert.AbstractReturningDelegate.performMutation(AbstractReturningDelegate.java:58) ~[hibernate-core-7.0.0.Alpha2.jar:7.0.0.Alpha2]
	at org.hibernate.engine.jdbc.mutation.internal.MutationExecutorSingleNonBatched.performNonBatchedOperations(MutationExecutorSingleNonBatched.java:47) ~[hibernate-core-7.0.0.Alpha2.jar:7.0.0.Alpha2]
	at org.hibernate.engine.jdbc.mutation.internal.AbstractMutationExecutor.execute(AbstractMutationExecutor.java:55) ~[hibernate-core-7.0.0.Alpha2.jar:7.0.0.Alpha2]
	at org.hibernate.persister.entity.mutation.InsertCoordinatorStandard.doStaticInserts(InsertCoordinatorStandard.java:194) ~[hibernate-core-7.0.0.Alpha2.jar:7.0.0.Alpha2]
	at org.hibernate.persister.entity.mutation.InsertCoordinatorStandard.coordinateInsert(InsertCoordinatorStandard.java:132) ~[hibernate-core-7.0.0.Alpha2.jar:7.0.0.Alpha2]
	at org.hibernate.persister.entity.mutation.InsertCoordinatorStandard.insert(InsertCoordinatorStandard.java:95) ~[hibernate-core-7.0.0.Alpha2.jar:7.0.0.Alpha2]
	at org.hibernate.action.internal.EntityIdentityInsertAction.execute(EntityIdentityInsertAction.java:85) ~[hibernate-core-7.0.0.Alpha2.jar:7.0.0.Alpha2]
	at org.hibernate.engine.spi.ActionQueue.execute(ActionQueue.java:670) ~[hibernate-core-7.0.0.Alpha2.jar:7.0.0.Alpha2]
	at org.hibernate.engine.spi.ActionQueue.addResolvedEntityInsertAction(ActionQueue.java:291) ~[hibernate-core-7.0.0.Alpha2.jar:7.0.0.Alpha2]
	at org.hibernate.engine.spi.ActionQueue.addInsertAction(ActionQueue.java:272) ~[hibernate-core-7.0.0.Alpha2.jar:7.0.0.Alpha2]
	at org.hibernate.engine.spi.ActionQueue.addAction(ActionQueue.java:322) ~[hibernate-core-7.0.0.Alpha2.jar:7.0.0.Alpha2]
	at org.hibernate.event.internal.AbstractSaveEventListener.addInsertAction(AbstractSaveEventListener.java:388) ~[hibernate-core-7.0.0.Alpha2.jar:7.0.0.Alpha2]
	at org.hibernate.event.internal.AbstractSaveEventListener.performSaveOrReplicate(AbstractSaveEventListener.java:302) ~[hibernate-core-7.0.0.Alpha2.jar:7.0.0.Alpha2]
	at org.hibernate.event.internal.AbstractSaveEventListener.performSave(AbstractSaveEventListener.java:221) ~[hibernate-core-7.0.0.Alpha2.jar:7.0.0.Alpha2]
	at org.hibernate.event.internal.AbstractSaveEventListener.saveWithGeneratedId(AbstractSaveEventListener.java:135) ~[hibernate-core-7.0.0.Alpha2.jar:7.0.0.Alpha2]
	at org.hibernate.event.internal.DefaultPersistEventListener.entityIsTransient(DefaultPersistEventListener.java:175) ~[hibernate-core-7.0.0.Alpha2.jar:7.0.0.Alpha2]
	at org.hibernate.event.internal.DefaultPersistEventListener.persist(DefaultPersistEventListener.java:93) ~[hibernate-core-7.0.0.Alpha2.jar:7.0.0.Alpha2]
	at org.hibernate.event.internal.DefaultPersistEventListener.onPersist(DefaultPersistEventListener.java:77) ~[hibernate-core-7.0.0.Alpha2.jar:7.0.0.Alpha2]
	at org.hibernate.event.internal.DefaultPersistEventListener.onPersist(DefaultPersistEventListener.java:54) ~[hibernate-core-7.0.0.Alpha2.jar:7.0.0.Alpha2]
	at org.hibernate.event.service.internal.EventListenerGroupImpl.fireEventOnEachListener(EventListenerGroupImpl.java:127) ~[hibernate-core-7.0.0.Alpha2.jar:7.0.0.Alpha2]
	at org.hibernate.internal.SessionImpl.firePersist(SessionImpl.java:774) ~[hibernate-core-7.0.0.Alpha2.jar:7.0.0.Alpha2]
	at org.hibernate.internal.SessionImpl.persist(SessionImpl.java:758) ~[hibernate-core-7.0.0.Alpha2.jar:7.0.0.Alpha2]
	at org.example.dao.BookingDaoImpl.createBooking(BookingDaoImpl.java:24) [classes/:?]
	at org.example.service.BookingServiceImpl.createBooking(BookingServiceImpl.java:32) [classes/:?]
	at org.example.controller.BookingController.createBooking(BookingController.java:33) [classes/:?]
	at org.example.consoleinterface.StaffMenuUI.finalizeBooking(StaffMenuUI.java:378) [classes/:?]
	at org.example.consoleinterface.StaffMenuUI.bookRoomByStaff(StaffMenuUI.java:342) [classes/:?]
	at org.example.consoleinterface.StaffMenuUI.displayStaffMenu(StaffMenuUI.java:82) [classes/:?]
	at org.example.consoleinterface.HomeMenuUI.loginUser(HomeMenuUI.java:100) [classes/:?]
	at org.example.consoleinterface.HomeMenuUI.displayMainMenu(HomeMenuUI.java:45) [classes/:?]
	at org.example.Main.main(Main.java:24) [classes/:?]
Caused by: org.postgresql.util.PSQLException: ERROR: timestamp out of range: "2739932-04-26 10:00:00+05:30"
  Where: unnamed portal parameter $2 = '...'
	at org.postgresql.core.v3.QueryExecutorImpl.receiveErrorResponse(QueryExecutorImpl.java:2733) ~[postgresql-42.7.4.jar:42.7.4]
	at org.postgresql.core.v3.QueryExecutorImpl.processResults(QueryExecutorImpl.java:2420) ~[postgresql-42.7.4.jar:42.7.4]
	at org.postgresql.core.v3.QueryExecutorImpl.execute(QueryExecutorImpl.java:372) ~[postgresql-42.7.4.jar:42.7.4]
	at org.postgresql.jdbc.PgStatement.executeInternal(PgStatement.java:517) ~[postgresql-42.7.4.jar:42.7.4]
	at org.postgresql.jdbc.PgStatement.execute(PgStatement.java:434) ~[postgresql-42.7.4.jar:42.7.4]
	at org.postgresql.jdbc.PgPreparedStatement.executeWithFlags(PgPreparedStatement.java:194) ~[postgresql-42.7.4.jar:42.7.4]
	at org.postgresql.jdbc.PgPreparedStatement.execute(PgPreparedStatement.java:180) ~[postgresql-42.7.4.jar:42.7.4]
	at com.zaxxer.hikari.pool.ProxyPreparedStatement.execute(ProxyPreparedStatement.java:44) ~[HikariCP-6.3.0.jar:?]
	at com.zaxxer.hikari.pool.HikariProxyPreparedStatement.execute(HikariProxyPreparedStatement.java) ~[HikariCP-6.3.0.jar:?]
	at org.hibernate.engine.jdbc.internal.ResultSetReturnImpl.execute(ResultSetReturnImpl.java:129) ~[hibernate-core-7.0.0.Alpha2.jar:7.0.0.Alpha2]
	... 32 more
2025-04-23 12:17:43 ERROR UserDaoImpl - Error fetching user by email superadmin@gmail.com: No result found for query [SELECT u FROM User u WHERE u.email = :email]
jakarta.persistence.NoResultException: No result found for query [SELECT u FROM User u WHERE u.email = :email]
	at org.hibernate.query.spi.AbstractSelectionQuery.getSingleResult(AbstractSelectionQuery.java:558) ~[hibernate-core-7.0.0.Alpha2.jar:7.0.0.Alpha2]
	at org.example.dao.UserDaoImpl.getUserByEmailId(UserDaoImpl.java:87) [classes/:?]
	at org.example.service.UserServiceImpl.getUserByEmail(UserServiceImpl.java:69) [classes/:?]
	at org.example.controller.UserController.getUserByEmail(UserController.java:34) [classes/:?]
	at org.example.consoleinterface.AdminMenuUI.grantOrRevokeAdminAccess(AdminMenuUI.java:167) [classes/:?]
	at org.example.consoleinterface.AdminMenuUI.manageAdmins(AdminMenuUI.java:105) [classes/:?]
	at org.example.consoleinterface.AdminMenuUI.displaySuperAdminMenu(AdminMenuUI.java:78) [classes/:?]
	at org.example.consoleinterface.HomeMenuUI.loginUser(HomeMenuUI.java:103) [classes/:?]
	at org.example.consoleinterface.HomeMenuUI.displayMainMenu(HomeMenuUI.java:45) [classes/:?]
	at org.example.Main.main(Main.java:24) [classes/:?]
2025-04-23 12:31:59 ERROR StaffMenuUI - InputMismatchException: Invalid input by user SONAM GUPTA in staff menu
2025-04-23 12:32:12 ERROR BookingDaoImpl - Error occurred while fetching confirmed booking for user ID: 13
jakarta.persistence.NoResultException: No result found for query [SELECT b FROM Booking b WHERE b.user = :user AND b.status = :status]
	at org.hibernate.query.spi.AbstractSelectionQuery.getSingleResult(AbstractSelectionQuery.java:558) ~[hibernate-core-7.0.0.Alpha2.jar:7.0.0.Alpha2]
	at org.example.dao.BookingDaoImpl.getConfirmedBookingByUserId(BookingDaoImpl.java:100) ~[classes/:?]
	at java.util.Optional.flatMap(Optional.java:289) [?:?]
	at org.example.service.BookingServiceImpl.getConfirmedBookingByUserId(BookingServiceImpl.java:79) [classes/:?]
	at org.example.controller.BookingController.getConfirmedBookingByUserId(BookingController.java:74) [classes/:?]
	at org.example.consoleinterface.StaffMenuUI.checkoutByStaff(StaffMenuUI.java:234) [classes/:?]
	at org.example.consoleinterface.StaffMenuUI.displayStaffMenu(StaffMenuUI.java:86) [classes/:?]
	at org.example.consoleinterface.HomeMenuUI.loginUser(HomeMenuUI.java:100) [classes/:?]
	at org.example.consoleinterface.HomeMenuUI.displayMainMenu(HomeMenuUI.java:45) [classes/:?]
	at org.example.Main.main(Main.java:24) [classes/:?]
2025-04-23 16:51:45 ERROR UserMenuUI - Invalid input by user 13: null
2025-04-23 17:23:50 ERROR BookingDaoImpl - Error occurred while fetching confirmed booking for user ID: 13
jakarta.persistence.NoResultException: No result found for query [SELECT b FROM Booking b WHERE b.user = :user AND b.status = :status]
	at org.hibernate.query.spi.AbstractSelectionQuery.getSingleResult(AbstractSelectionQuery.java:558) ~[hibernate-core-7.0.0.Alpha2.jar:7.0.0.Alpha2]
	at org.example.dao.BookingDaoImpl.getConfirmedBookingByUserId(BookingDaoImpl.java:100) ~[classes/:?]
	at java.util.Optional.flatMap(Optional.java:289) [?:?]
	at org.example.service.BookingServiceImpl.getConfirmedBookingByUserId(BookingServiceImpl.java:79) [classes/:?]
	at org.example.controller.BookingController.getConfirmedBookingByUserId(BookingController.java:74) [classes/:?]
	at org.example.consoleinterface.StaffMenuUI.checkoutByStaff(StaffMenuUI.java:234) [classes/:?]
	at org.example.consoleinterface.StaffMenuUI.displayStaffMenu(StaffMenuUI.java:86) [classes/:?]
	at org.example.consoleinterface.HomeMenuUI.loginUser(HomeMenuUI.java:100) [classes/:?]
	at org.example.consoleinterface.HomeMenuUI.displayMainMenu(HomeMenuUI.java:45) [classes/:?]
	at org.example.Main.main(Main.java:13) [classes/:?]
2025-04-23 17:37:04 ERROR UserDaoImpl - Error fetching user by email chetan@gnail.com: No result found for query [SELECT u FROM User u WHERE u.email = :email]
jakarta.persistence.NoResultException: No result found for query [SELECT u FROM User u WHERE u.email = :email]
	at org.hibernate.query.spi.AbstractSelectionQuery.getSingleResult(AbstractSelectionQuery.java:558) ~[hibernate-core-7.0.0.Alpha2.jar:7.0.0.Alpha2]
	at org.example.dao.UserDaoImpl.getUserByEmailId(UserDaoImpl.java:87) [classes/:?]
	at org.example.service.UserServiceImpl.getUserByEmail(UserServiceImpl.java:69) [classes/:?]
	at org.example.controller.UserController.getUserByEmail(UserController.java:34) [classes/:?]
	at org.example.consoleinterface.StaffMenuUI.searchUserDetails(StaffMenuUI.java:595) [classes/:?]
	at org.example.consoleinterface.StaffMenuUI.displayStaffMenu(StaffMenuUI.java:74) [classes/:?]
	at org.example.consoleinterface.HomeMenuUI.loginUser(HomeMenuUI.java:100) [classes/:?]
	at org.example.consoleinterface.HomeMenuUI.displayMainMenu(HomeMenuUI.java:45) [classes/:?]
	at org.example.Main.main(Main.java:13) [classes/:?]
2025-04-23 18:25:22 ERROR UserDaoImpl - Error fetching user by email superadmin@gmail.com: No result found for query [SELECT u FROM User u WHERE u.email = :email]
jakarta.persistence.NoResultException: No result found for query [SELECT u FROM User u WHERE u.email = :email]
	at org.hibernate.query.spi.AbstractSelectionQuery.getSingleResult(AbstractSelectionQuery.java:558) ~[hibernate-core-7.0.0.Alpha2.jar:7.0.0.Alpha2]
	at org.example.dao.UserDaoImpl.getUserByEmailId(UserDaoImpl.java:87) [classes/:?]
	at org.example.service.UserServiceImpl.authenticateUser(UserServiceImpl.java:59) [classes/:?]
	at org.example.controller.UserController.authenticateUser(UserController.java:41) [classes/:?]
	at org.example.consoleinterface.HomeMenuUI.loginUser(HomeMenuUI.java:74) [classes/:?]
	at org.example.consoleinterface.HomeMenuUI.displayMainMenu(HomeMenuUI.java:45) [classes/:?]
	at org.example.Main.main(Main.java:13) [classes/:?]
