2025-04-11 17:17:30 INFO  DatabaseConnection - Database connection established successfully.
2025-04-11 17:21:00 WARN  Menu - Invalid login attempt for email: shubhamlanke@gmail.com
2025-04-11 17:25:05 INFO  DatabaseConnection - Database connection established successfully.
2025-04-11 17:25:21 WARN  Menu - Invalid login attempt for email: shubhamlanke@gmail.com
2025-04-11 17:26:43 WARN  Menu - Invalid login attempt for email: shubhamlanke@gmail.com
2025-04-11 17:28:38 ERROR Menu - Invalid input! Please enter a number between 1 and 4.
2025-04-11 17:28:39 ERROR Menu - Invalid input! Please enter a number between 1 and 4.
2025-04-11 17:28:42 WARN  Menu - Invalid email format entered: a
2025-04-11 17:28:42 ERROR Menu - Invalid input! Please enter a number between 1 and 4.
2025-04-11 17:28:45 WARN  Menu - Invalid email format entered: a
2025-04-11 17:28:58 WARN  Menu - Invalid login attempt for email: shuabha@gmail.com
2025-04-11 17:29:21 WARN  Menu - Invalid login attempt for email: shubham@gmail.com
2025-04-11 17:31:00 WARN  Menu - Invalid login attempt for email: shubham@gmail.com
2025-04-11 17:31:41 WARN  Menu - Invalid login attempt for email: shubham@gmail.com
2025-04-11 17:32:17 WARN  Menu - Invalid login attempt for email: shubhamlane@gmail.com
2025-04-11 17:32:41 WARN  Menu - Invalid login attempt for email: shubham@gmail.com
2025-04-11 17:32:56 INFO  DatabaseConnection - Database connection established successfully.
2025-04-11 17:33:11 WARN  Menu - Invalid login attempt for email: shubhamlanke@gmail.com
2025-04-11 17:33:33 ERROR Menu - Invalid input! Please enter a number between 1 and 4.
2025-04-11 17:37:23 INFO  Menu - Login successful: SHUBHAM LANKE (STAFF)
2025-04-11 17:37:23 INFO  Menu - Staff menu accessed by: SHUBHAM LANKE (Role: STAFF)
2025-04-11 17:38:37 INFO  Menu - User SHUBHAM LANKE is logging out
2025-04-11 17:38:48 WARN  Menu - Invalid login attempt for email: s@gmail.com
2025-04-11 17:40:36 WARN  Menu - Invalid login attempt for email: shubham@gmail.com
2025-04-11 17:43:44 INFO  Menu - Login successful: SHUBHAM LANKE (STAFF)
2025-04-11 17:43:44 INFO  Menu - Staff menu accessed by: SHUBHAM LANKE (Role: STAFF)
2025-04-11 17:43:48 INFO  Menu - User SHUBHAM LANKE selected: Check Guest Details
2025-04-11 17:43:54 INFO  Menu - No bookings found for SAURAV SHARMA
2025-04-11 18:09:11 INFO  Menu - User SHUBHAM LANKE selected: Check Guest Details
2025-04-11 18:09:19 INFO  Menu - No bookings found for SAURAV SHARMA
2025-04-11 18:11:17 INFO  Menu - User SHUBHAM LANKE selected: Book a Room
2025-04-11 18:11:17 INFO  Menu - Booking room for a user.
2025-04-11 18:12:08 WARN  Menu - Invalid room selection or operation canceled.
2025-04-11 18:12:16 INFO  Menu - User SHUBHAM LANKE selected: View Available Rooms
2025-04-11 18:24:18 INFO  DatabaseConnection - Database connection established successfully.
2025-04-11 18:24:30 INFO  Menu - Login successful: SHUBHAM LANKE (STAFF)
2025-04-11 18:24:30 INFO  Menu - Staff menu accessed by: SHUBHAM LANKE (Role: STAFF)
2025-04-11 18:24:32 INFO  Menu - User SHUBHAM LANKE selected: View Available Rooms
